#
# There is insufficient memory for the Java Runtime Environment to continue.
# Native memory allocation (malloc) failed to allocate 1058176 bytes for Chunk::new
# Possible reasons:
#   The system is out of physical RAM or swap space
#   The process is running with CompressedOops enabled, and the Java Heap may be blocking the growth of the native heap
# Possible solutions:
#   Reduce memory load on the system
#   Increase physical memory or swap space
#   Check if swap backing store is full
#   Decrease Java heap size (-Xmx/-Xms)
#   Decrease number of Java threads
#   Decrease Java thread stack sizes (-Xss)
#   Set larger code cache with -XX:ReservedCodeCacheSize=
#   JVM is running with Unscaled Compressed Oops mode in which the Java heap is
#     placed in the first 4GB address space. The Java Heap base address is the
#     maximum limit for the native heap growth. Please use -XX:HeapBaseMinAddress
#     to set the Java Heap base and to place the Java Heap above 4GB virtual address.
# This output file may be truncated or incomplete.
#
#  Out of Memory Error (./src/hotspot/share/memory/arena.cpp:197), pid=5192, tid=11424
#
# JRE version: OpenJDK Runtime Environment (11.0.13) (build 11.0.13+0-b1751.21-8125866)
# Java VM: OpenJDK 64-Bit Server VM (11.0.13+0-b1751.21-8125866, mixed mode, tiered, compressed oops, g1 gc, windows-amd64)
# No core dump will be written. Minidumps are not enabled by default on client versions of Windows
#

---------------  S U M M A R Y ------------

Command Line: --add-opens=java.base/java.util=ALL-UNNAMED --add-opens=java.base/java.lang=ALL-UNNAMED --add-opens=java.base/java.lang.invoke=ALL-UNNAMED --add-opens=java.base/java.util=ALL-UNNAMED --add-opens=java.prefs/java.util.prefs=ALL-UNNAMED --add-opens=java.prefs/java.util.prefs=ALL-UNNAMED --add-opens=java.base/java.nio.charset=ALL-UNNAMED --add-opens=java.base/java.net=ALL-UNNAMED --add-opens=java.base/java.util.concurrent.atomic=ALL-UNNAMED -Xmx2048m -Dfile.encoding=UTF-8 -Duser.country=IN -Duser.language=en -Duser.variant org.gradle.launcher.daemon.bootstrap.GradleDaemon 7.4

Host: 11th Gen Intel(R) Core(TM) i5-1135G7 @ 2.40GHz, 8 cores, 15G,  Windows 11 , 64 bit Build 22621 (10.0.22621.2506)
Time: Sun Nov 26 14:06:25 2023 India Standard Time elapsed time: 72.587428 seconds (0d 0h 1m 12s)

---------------  T H R E A D  ---------------

Current thread (0x000001ce205bf000):  JavaThread "C2 CompilerThread1" daemon [_thread_in_native, id=11424, stack(0x0000005261300000,0x0000005261400000)]


Current CompileTask:
C2:  72587 15448   !   4       org.gradle.cache.internal.DefaultMultiProcessSafePersistentIndexedCache::getIfPresent (25 bytes)

Stack: [0x0000005261300000,0x0000005261400000]
Native frames: (J=compiled Java code, j=interpreted, Vv=VM code, C=native code)
V  [jvm.dll+0x6100fa]
V  [jvm.dll+0x747090]
V  [jvm.dll+0x7486ad]
V  [jvm.dll+0x748d83]
V  [jvm.dll+0x24ab48]
V  [jvm.dll+0xc04dc]
V  [jvm.dll+0xc0a0c]
V  [jvm.dll+0x2bfab4]
V  [jvm.dll+0x524238]
V  [jvm.dll+0x20491a]
V  [jvm.dll+0x2023c2]
V  [jvm.dll+0x188e01]
V  [jvm.dll+0x21106b]
V  [jvm.dll+0x20f8c1]
V  [jvm.dll+0x70de0f]
V  [jvm.dll+0x706a75]
V  [jvm.dll+0x60ed66]
C  [ucrtbase.dll+0x29363]
C  [KERNEL32.DLL+0x1257d]
C  [ntdll.dll+0x5aa58]


---------------  P R O C E S S  ---------------

Threads class SMR info:
_java_thread_list=0x000001ce211edc60, length=138, elements={
0x000001ce7e7f7000, 0x000001ce19594800, 0x000001ce19595800, 0x000001ce195ec800,
0x000001ce195f0000, 0x000001ce195f1000, 0x000001ce195f3000, 0x000001ce19605800,
0x000001ce1962a800, 0x000001ce19762000, 0x000001ce1c090800, 0x000001ce1987c000,
0x000001ce1bc55000, 0x000001ce1adc9800, 0x000001ce1abbb800, 0x000001ce1b588800,
0x000001ce1bd7a000, 0x000001ce1be90000, 0x000001ce1be91000, 0x000001ce1be8e800,
0x000001ce1be91800, 0x000001ce1be92800, 0x000001ce1be95000, 0x000001ce1be93000,
0x000001ce1be94000, 0x000001ce1be8f000, 0x000001ce1abe7800, 0x000001ce1abe6800,
0x000001ce1abe9000, 0x000001ce1abe4000, 0x000001ce1b723800, 0x000001ce1b71f800,
0x000001ce1b71e000, 0x000001ce1b722000, 0x000001ce1b71f000, 0x000001ce1b720800,
0x000001ce1b721800, 0x000001ce1b723000, 0x000001ce205bf000, 0x000001ce205c5800,
0x000001ce1b71d000, 0x000001ce1b729800, 0x000001ce1b728800, 0x000001ce1b724800,
0x000001ce1b72a800, 0x000001ce1b728000, 0x000001ce1b72b000, 0x000001ce1b725800,
0x000001ce1b72c000, 0x000001ce1b726000, 0x000001ce1b727000, 0x000001ce1abe8800,
0x000001ce1abea000, 0x000001ce1abe5000, 0x000001ce1abe6000, 0x000001ce1a8fe800,
0x000001ce1a8ff800, 0x000001ce1a900000, 0x000001ce1a8fd800, 0x000001ce1a901000,
0x000001ce1a902000, 0x000001ce1a902800, 0x000001ce1a8fd000, 0x000001ce1a906000,
0x000001ce1a904000, 0x000001ce1a906800, 0x000001ce1a905000, 0x000001ce1a907800,
0x000001ce1a908800, 0x000001ce1a909000, 0x000001ce1a903800, 0x000001ce1a90a000,
0x000001ce1a90b000, 0x000001ce1a90b800, 0x000001ce22165800, 0x000001ce2216a000,
0x000001ce22168000, 0x000001ce2216c000, 0x000001ce22166000, 0x000001ce2216c800,
0x000001ce22168800, 0x000001ce22169800, 0x000001ce2216b000, 0x000001ce22167000,
0x000001ce22171800, 0x000001ce22173000, 0x000001ce22171000, 0x000001ce22172800,
0x000001ce2216d800, 0x000001ce2216e800, 0x000001ce2216f000, 0x000001ce22174000,
0x000001ce22170000, 0x000001ce1b8fb000, 0x000001ce1b8f9800, 0x000001ce1b8fd800,
0x000001ce1b8fa000, 0x000001ce1b8fb800, 0x000001ce1b8fe000, 0x000001ce1b8f8800,
0x000001ce1b8ff000, 0x000001ce1b902000, 0x000001ce1b900000, 0x000001ce1b900800,
0x000001ce1b901800, 0x000001ce1b8fc800, 0x000001ce1b905800, 0x000001ce1b904000,
0x000001ce1b906800, 0x000001ce1b903000, 0x000001ce1b907000, 0x000001ce1b904800,
0x000001ce1d1ad800, 0x000001ce1d1ab800, 0x000001ce1d1b2000, 0x000001ce1d1af000,
0x000001ce1d1b0800, 0x000001ce1d1b1800, 0x000001ce1d1ac800, 0x000001ce1d1b3000,
0x000001ce1d1b4000, 0x000001ce1d1ae000, 0x000001ce1d1b4800, 0x000001ce1d1b5800,
0x000001ce1d1af800, 0x000001ce1d1b8800, 0x000001ce1d1b9800, 0x000001ce1d1ba800,
0x000001ce1d1b6000, 0x000001ce1d1b7000, 0x000001ce1d1b8000, 0x000001ce21d13000,
0x000001ce21d16800, 0x000001ce21d17800, 0x000001ce21d19000, 0x000001ce21d19800,
0x000001ce21d15000, 0x000001ce21d14000
}

Java Threads: ( => current thread )
  0x000001ce7e7f7000 JavaThread "main" [_thread_blocked, id=3848, stack(0x000000525f400000,0x000000525f500000)]
  0x000001ce19594800 JavaThread "Reference Handler" daemon [_thread_blocked, id=9768, stack(0x000000525fb00000,0x000000525fc00000)]
  0x000001ce19595800 JavaThread "Finalizer" daemon [_thread_blocked, id=2016, stack(0x000000525fc00000,0x000000525fd00000)]
  0x000001ce195ec800 JavaThread "Signal Dispatcher" daemon [_thread_blocked, id=8964, stack(0x000000525fd00000,0x000000525fe00000)]
  0x000001ce195f0000 JavaThread "Attach Listener" daemon [_thread_blocked, id=14492, stack(0x000000525fe00000,0x000000525ff00000)]
  0x000001ce195f1000 JavaThread "Service Thread" daemon [_thread_blocked, id=12780, stack(0x000000525ff00000,0x0000005260000000)]
  0x000001ce195f3000 JavaThread "C2 CompilerThread0" daemon [_thread_in_native, id=16128, stack(0x0000005260000000,0x0000005260100000)]
  0x000001ce19605800 JavaThread "C1 CompilerThread0" daemon [_thread_blocked, id=11516, stack(0x0000005260100000,0x0000005260200000)]
  0x000001ce1962a800 JavaThread "Sweeper thread" daemon [_thread_blocked, id=3016, stack(0x0000005260200000,0x0000005260300000)]
  0x000001ce19762000 JavaThread "Common-Cleaner" daemon [_thread_blocked, id=2692, stack(0x0000005260300000,0x0000005260400000)]
  0x000001ce1c090800 JavaThread "Daemon health stats" [_thread_blocked, id=3884, stack(0x0000005260c00000,0x0000005260d00000)]
  0x000001ce1987c000 JavaThread "Incoming local TCP Connector on port 63636" [_thread_in_native, id=11672, stack(0x0000005260500000,0x0000005260600000)]
  0x000001ce1bc55000 JavaThread "Daemon periodic checks" [_thread_blocked, id=12112, stack(0x0000005260b00000,0x0000005260c00000)]
  0x000001ce1adc9800 JavaThread "Daemon" [_thread_blocked, id=9816, stack(0x0000005260d00000,0x0000005260e00000)]
  0x000001ce1abbb800 JavaThread "Daemon worker" [_thread_blocked, id=9556, stack(0x0000005261000000,0x0000005261100000)]
  0x000001ce1b588800 JavaThread "Cache worker for journal cache (C:\Users\Dell\.gradle\caches\journal-1)" [_thread_blocked, id=9720, stack(0x0000005261500000,0x0000005261600000)]
  0x000001ce1bd7a000 JavaThread "File lock request listener" [_thread_in_native, id=14068, stack(0x0000005261600000,0x0000005261700000)]
  0x000001ce1be90000 JavaThread "Cache worker for file hash cache (C:\Users\Dell\.gradle\caches\7.4\fileHashes)" [_thread_blocked, id=16964, stack(0x0000005261a00000,0x0000005261b00000)]
  0x000001ce1be91000 JavaThread "File watcher server" daemon [_thread_in_native, id=16900, stack(0x0000005261b00000,0x0000005261c00000)]
  0x000001ce1be8e800 JavaThread "File watcher consumer" daemon [_thread_blocked, id=16988, stack(0x0000005261c00000,0x0000005261d00000)]
  0x000001ce1be91800 JavaThread "jar transforms" [_thread_blocked, id=15172, stack(0x0000005261d00000,0x0000005261e00000)]
  0x000001ce1be92800 JavaThread "jar transforms Thread 2" [_thread_blocked, id=17192, stack(0x0000005261e00000,0x0000005261f00000)]
  0x000001ce1be95000 JavaThread "jar transforms Thread 3" [_thread_blocked, id=9516, stack(0x0000005261f00000,0x0000005262000000)]
  0x000001ce1be93000 JavaThread "jar transforms Thread 4" [_thread_blocked, id=2724, stack(0x0000005262000000,0x0000005262100000)]
  0x000001ce1be94000 JavaThread "jar transforms Thread 5" [_thread_blocked, id=8188, stack(0x0000005262100000,0x0000005262200000)]
  0x000001ce1be8f000 JavaThread "jar transforms Thread 6" [_thread_blocked, id=16604, stack(0x0000005262200000,0x0000005262300000)]
  0x000001ce1abe7800 JavaThread "jar transforms Thread 7" [_thread_blocked, id=8668, stack(0x0000005262300000,0x0000005262400000)]
  0x000001ce1abe6800 JavaThread "jar transforms Thread 8" [_thread_blocked, id=10304, stack(0x0000005262400000,0x0000005262500000)]
  0x000001ce1abe9000 JavaThread "Cache worker for execution history cache (C:\Users\Dell\.gradle\caches\7.4\executionHistory)" [_thread_blocked, id=14716, stack(0x0000005262900000,0x0000005262a00000)]
  0x000001ce1abe4000 JavaThread "Cache worker for file content cache (C:\Users\Dell\.gradle\caches\7.4\fileContent)" [_thread_blocked, id=13696, stack(0x0000005262b00000,0x0000005262c00000)]
  0x000001ce1b723800 JavaThread "Memory manager" [_thread_blocked, id=17060, stack(0x0000005267e00000,0x0000005267f00000)]
  0x000001ce1b71f800 JavaThread "pool-3-thread-1" [_thread_blocked, id=4428, stack(0x0000005267f00000,0x0000005268000000)]
  0x000001ce1b71e000 JavaThread "included builds" [_thread_blocked, id=14968, stack(0x0000005268000000,0x0000005268100000)]
  0x000001ce1b722000 JavaThread "Handler for socket connection from /127.0.0.1:63636 to /127.0.0.1:63689" [_thread_in_native, id=5196, stack(0x000000525f200000,0x000000525f300000)]
  0x000001ce1b71f000 JavaThread "Cancel handler" [_thread_blocked, id=10816, stack(0x000000525f300000,0x000000525f400000)]
  0x000001ce1b720800 JavaThread "Asynchronous log dispatcher for DefaultDaemonConnection: socket connection from /127.0.0.1:63636 to /127.0.0.1:63689" [_thread_blocked, id=17104, stack(0x0000005260f00000,0x0000005261000000)]
  0x000001ce1b721800 JavaThread "Stdin handler" [_thread_blocked, id=13556, stack(0x0000005261100000,0x0000005261200000)]
  0x000001ce1b723000 JavaThread "Daemon client event forwarder" [_thread_blocked, id=12940, stack(0x0000005261200000,0x0000005261300000)]
=>0x000001ce205bf000 JavaThread "C2 CompilerThread1" daemon [_thread_in_native, id=11424, stack(0x0000005261300000,0x0000005261400000)]
  0x000001ce205c5800 JavaThread "C2 CompilerThread2" daemon [_thread_in_native, id=14724, stack(0x0000005262500000,0x0000005262600000)]
  0x000001ce1b71d000 JavaThread "Cache worker for checksums cache (D:\AndroidStudioProject\CriconetNewDesign\.gradle\7.4\checksums)" [_thread_blocked, id=16956, stack(0x0000005262600000,0x0000005262700000)]
  0x000001ce1b729800 JavaThread "Cache worker for cache directory md-rule (C:\Users\Dell\.gradle\caches\7.4\md-rule)" [_thread_blocked, id=6108, stack(0x0000005262700000,0x0000005262800000)]
  0x000001ce1b728800 JavaThread "Cache worker for file hash cache (D:\AndroidStudioProject\CriconetNewDesign\.gradle\7.4\fileHashes)" [_thread_blocked, id=16724, stack(0x0000005262800000,0x0000005262900000)]
  0x000001ce1b724800 JavaThread "Cache worker for cache directory md-supplier (C:\Users\Dell\.gradle\caches\7.4\md-supplier)" [_thread_blocked, id=13016, stack(0x0000005262a00000,0x0000005262b00000)]
  0x000001ce1b72a800 JavaThread "Cache worker for dependencies-accessors (D:\AndroidStudioProject\CriconetNewDesign\.gradle\7.4\dependencies-accessors)" [_thread_blocked, id=5004, stack(0x0000005262c00000,0x0000005262d00000)]
  0x000001ce1b728000 JavaThread "Cache worker for Build Output Cleanup Cache (D:\AndroidStudioProject\CriconetNewDesign\.gradle\buildOutputCleanup)" [_thread_blocked, id=12844, stack(0x0000005262d00000,0x0000005262e00000)]
  0x000001ce1b72b000 JavaThread "Unconstrained build operations" [_thread_blocked, id=16584, stack(0x0000005262e00000,0x0000005262f00000)]
  0x000001ce1b725800 JavaThread "Unconstrained build operations Thread 2" [_thread_blocked, id=2276, stack(0x0000005262f00000,0x0000005263000000)]
  0x000001ce1b72c000 JavaThread "Unconstrained build operations Thread 3" [_thread_blocked, id=15608, stack(0x0000005263000000,0x0000005263100000)]
  0x000001ce1b726000 JavaThread "Unconstrained build operations Thread 4" [_thread_blocked, id=16380, stack(0x0000005263100000,0x0000005263200000)]
  0x000001ce1b727000 JavaThread "Unconstrained build operations Thread 5" [_thread_blocked, id=10200, stack(0x0000005263200000,0x0000005263300000)]
  0x000001ce1abe8800 JavaThread "Unconstrained build operations Thread 6" [_thread_blocked, id=13740, stack(0x0000005263300000,0x0000005263400000)]
  0x000001ce1abea000 JavaThread "Unconstrained build operations Thread 7" [_thread_blocked, id=1240, stack(0x0000005263400000,0x0000005263500000)]
  0x000001ce1abe5000 JavaThread "Unconstrained build operations Thread 8" [_thread_blocked, id=9048, stack(0x0000005263500000,0x0000005263600000)]
  0x000001ce1abe6000 JavaThread "Unconstrained build operations Thread 9" [_thread_blocked, id=4236, stack(0x0000005263600000,0x0000005263700000)]
  0x000001ce1a8fe800 JavaThread "Unconstrained build operations Thread 10" [_thread_blocked, id=10724, stack(0x0000005263700000,0x0000005263800000)]
  0x000001ce1a8ff800 JavaThread "Unconstrained build operations Thread 11" [_thread_blocked, id=15044, stack(0x0000005263800000,0x0000005263900000)]
  0x000001ce1a900000 JavaThread "Unconstrained build operations Thread 12" [_thread_blocked, id=14812, stack(0x0000005263900000,0x0000005263a00000)]
  0x000001ce1a8fd800 JavaThread "Unconstrained build operations Thread 13" [_thread_blocked, id=16268, stack(0x0000005263a00000,0x0000005263b00000)]
  0x000001ce1a901000 JavaThread "Unconstrained build operations Thread 14" [_thread_blocked, id=15208, stack(0x0000005263b00000,0x0000005263c00000)]
  0x000001ce1a902000 JavaThread "Unconstrained build operations Thread 15" [_thread_blocked, id=812, stack(0x0000005263c00000,0x0000005263d00000)]
  0x000001ce1a902800 JavaThread "Unconstrained build operations Thread 16" [_thread_blocked, id=14332, stack(0x0000005263d00000,0x0000005263e00000)]
  0x000001ce1a8fd000 JavaThread "Unconstrained build operations Thread 17" [_thread_blocked, id=6672, stack(0x0000005263e00000,0x0000005263f00000)]
  0x000001ce1a906000 JavaThread "Unconstrained build operations Thread 18" [_thread_blocked, id=12472, stack(0x0000005263f00000,0x0000005264000000)]
  0x000001ce1a904000 JavaThread "Unconstrained build operations Thread 19" [_thread_blocked, id=8272, stack(0x0000005264000000,0x0000005264100000)]
  0x000001ce1a906800 JavaThread "Unconstrained build operations Thread 20" [_thread_blocked, id=11340, stack(0x0000005264100000,0x0000005264200000)]
  0x000001ce1a905000 JavaThread "Unconstrained build operations Thread 21" [_thread_blocked, id=2648, stack(0x0000005264200000,0x0000005264300000)]
  0x000001ce1a907800 JavaThread "Unconstrained build operations Thread 22" [_thread_blocked, id=8320, stack(0x0000005264300000,0x0000005264400000)]
  0x000001ce1a908800 JavaThread "Unconstrained build operations Thread 23" [_thread_blocked, id=11696, stack(0x0000005264400000,0x0000005264500000)]
  0x000001ce1a909000 JavaThread "Unconstrained build operations Thread 24" [_thread_blocked, id=1072, stack(0x0000005264500000,0x0000005264600000)]
  0x000001ce1a903800 JavaThread "Unconstrained build operations Thread 25" [_thread_blocked, id=15784, stack(0x0000005264600000,0x0000005264700000)]
  0x000001ce1a90a000 JavaThread "Unconstrained build operations Thread 26" [_thread_blocked, id=14732, stack(0x0000005264700000,0x0000005264800000)]
  0x000001ce1a90b000 JavaThread "Unconstrained build operations Thread 27" [_thread_blocked, id=1676, stack(0x0000005264800000,0x0000005264900000)]
  0x000001ce1a90b800 JavaThread "Unconstrained build operations Thread 28" [_thread_blocked, id=9940, stack(0x0000005264900000,0x0000005264a00000)]
  0x000001ce22165800 JavaThread "Unconstrained build operations Thread 29" [_thread_blocked, id=17068, stack(0x0000005264a00000,0x0000005264b00000)]
  0x000001ce2216a000 JavaThread "Unconstrained build operations Thread 30" [_thread_blocked, id=8756, stack(0x0000005264b00000,0x0000005264c00000)]
  0x000001ce22168000 JavaThread "Unconstrained build operations Thread 31" [_thread_blocked, id=13072, stack(0x0000005264c00000,0x0000005264d00000)]
  0x000001ce2216c000 JavaThread "Unconstrained build operations Thread 32" [_thread_blocked, id=12816, stack(0x0000005264d00000,0x0000005264e00000)]
  0x000001ce22166000 JavaThread "Unconstrained build operations Thread 33" [_thread_blocked, id=3680, stack(0x0000005264e00000,0x0000005264f00000)]
  0x000001ce2216c800 JavaThread "Unconstrained build operations Thread 34" [_thread_blocked, id=16752, stack(0x0000005264f00000,0x0000005265000000)]
  0x000001ce22168800 JavaThread "Unconstrained build operations Thread 35" [_thread_blocked, id=13988, stack(0x0000005265000000,0x0000005265100000)]
  0x000001ce22169800 JavaThread "Unconstrained build operations Thread 36" [_thread_blocked, id=16548, stack(0x0000005265100000,0x0000005265200000)]
  0x000001ce2216b000 JavaThread "Unconstrained build operations Thread 37" [_thread_blocked, id=692, stack(0x0000005265200000,0x0000005265300000)]
  0x000001ce22167000 JavaThread "Unconstrained build operations Thread 38" [_thread_blocked, id=13404, stack(0x0000005265300000,0x0000005265400000)]
  0x000001ce22171800 JavaThread "Unconstrained build operations Thread 39" [_thread_blocked, id=14380, stack(0x0000005265400000,0x0000005265500000)]
  0x000001ce22173000 JavaThread "Unconstrained build operations Thread 40" [_thread_blocked, id=9764, stack(0x0000005265500000,0x0000005265600000)]
  0x000001ce22171000 JavaThread "Unconstrained build operations Thread 41" [_thread_blocked, id=16728, stack(0x0000005265600000,0x0000005265700000)]
  0x000001ce22172800 JavaThread "Unconstrained build operations Thread 42" [_thread_blocked, id=9204, stack(0x0000005265700000,0x0000005265800000)]
  0x000001ce2216d800 JavaThread "Unconstrained build operations Thread 43" [_thread_blocked, id=10628, stack(0x0000005265800000,0x0000005265900000)]
  0x000001ce2216e800 JavaThread "Unconstrained build operations Thread 44" [_thread_blocked, id=7164, stack(0x0000005265900000,0x0000005265a00000)]
  0x000001ce2216f000 JavaThread "Unconstrained build operations Thread 45" [_thread_blocked, id=9404, stack(0x0000005265a00000,0x0000005265b00000)]
  0x000001ce22174000 JavaThread "Unconstrained build operations Thread 46" [_thread_blocked, id=17404, stack(0x0000005265b00000,0x0000005265c00000)]
  0x000001ce22170000 JavaThread "Unconstrained build operations Thread 47" [_thread_blocked, id=16032, stack(0x0000005265c00000,0x0000005265d00000)]
  0x000001ce1b8fb000 JavaThread "Unconstrained build operations Thread 48" [_thread_blocked, id=6188, stack(0x0000005265d00000,0x0000005265e00000)]
  0x000001ce1b8f9800 JavaThread "Unconstrained build operations Thread 49" [_thread_blocked, id=2424, stack(0x0000005265e00000,0x0000005265f00000)]
  0x000001ce1b8fd800 JavaThread "Unconstrained build operations Thread 50" [_thread_blocked, id=16848, stack(0x0000005265f00000,0x0000005266000000)]
  0x000001ce1b8fa000 JavaThread "Unconstrained build operations Thread 51" [_thread_blocked, id=4616, stack(0x0000005266000000,0x0000005266100000)]
  0x000001ce1b8fb800 JavaThread "Unconstrained build operations Thread 52" [_thread_blocked, id=6980, stack(0x0000005266100000,0x0000005266200000)]
  0x000001ce1b8fe000 JavaThread "Unconstrained build operations Thread 53" [_thread_blocked, id=14392, stack(0x0000005266200000,0x0000005266300000)]
  0x000001ce1b8f8800 JavaThread "Unconstrained build operations Thread 54" [_thread_blocked, id=12120, stack(0x0000005266300000,0x0000005266400000)]
  0x000001ce1b8ff000 JavaThread "Unconstrained build operations Thread 55" [_thread_blocked, id=2492, stack(0x0000005266400000,0x0000005266500000)]
  0x000001ce1b902000 JavaThread "Unconstrained build operations Thread 56" [_thread_blocked, id=16968, stack(0x0000005266500000,0x0000005266600000)]
  0x000001ce1b900000 JavaThread "Unconstrained build operations Thread 57" [_thread_blocked, id=16672, stack(0x0000005266600000,0x0000005266700000)]
  0x000001ce1b900800 JavaThread "Unconstrained build operations Thread 58" [_thread_blocked, id=14056, stack(0x0000005266700000,0x0000005266800000)]
  0x000001ce1b901800 JavaThread "Unconstrained build operations Thread 59" [_thread_blocked, id=17128, stack(0x0000005266800000,0x0000005266900000)]
  0x000001ce1b8fc800 JavaThread "Unconstrained build operations Thread 60" [_thread_blocked, id=2308, stack(0x0000005266900000,0x0000005266a00000)]
  0x000001ce1b905800 JavaThread "Unconstrained build operations Thread 61" [_thread_blocked, id=17228, stack(0x0000005266a00000,0x0000005266b00000)]
  0x000001ce1b904000 JavaThread "Unconstrained build operations Thread 62" [_thread_blocked, id=16520, stack(0x0000005266b00000,0x0000005266c00000)]
  0x000001ce1b906800 JavaThread "Unconstrained build operations Thread 63" [_thread_blocked, id=5840, stack(0x0000005266c00000,0x0000005266d00000)]
  0x000001ce1b903000 JavaThread "Unconstrained build operations Thread 64" [_thread_blocked, id=7880, stack(0x0000005266d00000,0x0000005266e00000)]
  0x000001ce1b907000 JavaThread "Unconstrained build operations Thread 65" [_thread_blocked, id=7108, stack(0x0000005266e00000,0x0000005266f00000)]
  0x000001ce1b904800 JavaThread "Unconstrained build operations Thread 66" [_thread_blocked, id=14956, stack(0x0000005266f00000,0x0000005267000000)]
  0x000001ce1d1ad800 JavaThread "Unconstrained build operations Thread 67" [_thread_blocked, id=9900, stack(0x0000005267000000,0x0000005267100000)]
  0x000001ce1d1ab800 JavaThread "Unconstrained build operations Thread 68" [_thread_blocked, id=15092, stack(0x0000005267100000,0x0000005267200000)]
  0x000001ce1d1b2000 JavaThread "Unconstrained build operations Thread 69" [_thread_blocked, id=3456, stack(0x0000005267200000,0x0000005267300000)]
  0x000001ce1d1af000 JavaThread "Unconstrained build operations Thread 70" [_thread_blocked, id=10760, stack(0x0000005267300000,0x0000005267400000)]
  0x000001ce1d1b0800 JavaThread "Unconstrained build operations Thread 71" [_thread_blocked, id=11788, stack(0x0000005267400000,0x0000005267500000)]
  0x000001ce1d1b1800 JavaThread "Unconstrained build operations Thread 72" [_thread_blocked, id=6528, stack(0x0000005267500000,0x0000005267600000)]
  0x000001ce1d1ac800 JavaThread "Unconstrained build operations Thread 73" [_thread_blocked, id=4564, stack(0x0000005267600000,0x0000005267700000)]
  0x000001ce1d1b3000 JavaThread "Unconstrained build operations Thread 74" [_thread_blocked, id=10764, stack(0x0000005267700000,0x0000005267800000)]
  0x000001ce1d1b4000 JavaThread "Unconstrained build operations Thread 75" [_thread_blocked, id=6540, stack(0x0000005267800000,0x0000005267900000)]
  0x000001ce1d1ae000 JavaThread "Unconstrained build operations Thread 76" [_thread_blocked, id=9672, stack(0x0000005267900000,0x0000005267a00000)]
  0x000001ce1d1b4800 JavaThread "Unconstrained build operations Thread 77" [_thread_blocked, id=2128, stack(0x0000005267a00000,0x0000005267b00000)]
  0x000001ce1d1b5800 JavaThread "Unconstrained build operations Thread 78" [_thread_blocked, id=14100, stack(0x0000005267b00000,0x0000005267c00000)]
  0x000001ce1d1af800 JavaThread "Unconstrained build operations Thread 79" [_thread_blocked, id=7604, stack(0x0000005267c00000,0x0000005267d00000)]
  0x000001ce1d1b8800 JavaThread "Unconstrained build operations Thread 80" [_thread_blocked, id=4584, stack(0x0000005267d00000,0x0000005267e00000)]
  0x000001ce1d1b9800 JavaThread "build event listener" [_thread_blocked, id=10196, stack(0x0000005268100000,0x0000005268200000)]
  0x000001ce1d1ba800 JavaThread "pool-6-thread-1" [_thread_blocked, id=11008, stack(0x0000005268200000,0x0000005268300000)]
  0x000001ce1d1b6000 JavaThread "build event listener" [_thread_blocked, id=3164, stack(0x0000005268300000,0x0000005268400000)]
  0x000001ce1d1b7000 JavaThread "included builds" [_thread_blocked, id=9052, stack(0x0000005268400000,0x0000005268500000)]
  0x000001ce1d1b8000 JavaThread "Execution worker for ':'" [_thread_blocked, id=14516, stack(0x0000005268500000,0x0000005268600000)]
  0x000001ce21d13000 JavaThread "Execution worker for ':' Thread 2" [_thread_blocked, id=2716, stack(0x0000005268600000,0x0000005268700000)]
  0x000001ce21d16800 JavaThread "Execution worker for ':' Thread 3" [_thread_blocked, id=2536, stack(0x0000005268700000,0x0000005268800000)]
  0x000001ce21d17800 JavaThread "Execution worker for ':' Thread 4" [_thread_blocked, id=13508, stack(0x0000005268800000,0x0000005268900000)]
  0x000001ce21d19000 JavaThread "Execution worker for ':' Thread 5" [_thread_blocked, id=9284, stack(0x0000005268900000,0x0000005268a00000)]
  0x000001ce21d19800 JavaThread "Execution worker for ':' Thread 6" [_thread_blocked, id=15408, stack(0x0000005268a00000,0x0000005268b00000)]
  0x000001ce21d15000 JavaThread "Execution worker for ':' Thread 7" [_thread_blocked, id=7852, stack(0x0000005268b00000,0x0000005268c00000)]
  0x000001ce21d14000 JavaThread "Cache worker for execution history cache (D:\AndroidStudioProject\CriconetNewDesign\.gradle\7.4\executionHistory)" [_thread_blocked, id=16920, stack(0x0000005268c00000,0x0000005268d00000)]

Other Threads:
  0x000001ce1958c000 VMThread "VM Thread" [stack: 0x000000525fa00000,0x000000525fb00000] [id=12440]
  0x000001ce19797000 WatcherThread [stack: 0x0000005260400000,0x0000005260500000] [id=7864]
  0x000001ce7e813000 GCTaskThread "GC Thread#0" [stack: 0x000000525f500000,0x000000525f600000] [id=4004]
  0x000001ce1a3bb800 GCTaskThread "GC Thread#1" [stack: 0x0000005260600000,0x0000005260700000] [id=14808]
  0x000001ce1a349800 GCTaskThread "GC Thread#2" [stack: 0x0000005260700000,0x0000005260800000] [id=1596]
  0x000001ce1a8cf000 GCTaskThread "GC Thread#3" [stack: 0x0000005260800000,0x0000005260900000] [id=1968]
  0x000001ce1a465800 GCTaskThread "GC Thread#4" [stack: 0x0000005260900000,0x0000005260a00000] [id=10932]
  0x000001ce1a456000 GCTaskThread "GC Thread#5" [stack: 0x0000005260a00000,0x0000005260b00000] [id=6900]
  0x000001ce1c08f800 GCTaskThread "GC Thread#6" [stack: 0x0000005261700000,0x0000005261800000] [id=9636]
  0x000001ce1bc52000 GCTaskThread "GC Thread#7" [stack: 0x0000005261800000,0x0000005261900000] [id=68]
  0x000001ce7e843000 ConcurrentGCThread "G1 Main Marker" [stack: 0x000000525f600000,0x000000525f700000] [id=8804]
  0x000001ce7e844800 ConcurrentGCThread "G1 Conc#0" [stack: 0x000000525f700000,0x000000525f800000] [id=4592]
  0x000001ce19c03800 ConcurrentGCThread "G1 Conc#1" [stack: 0x0000005261900000,0x0000005261a00000] [id=6536]
  0x000001ce18bda800 ConcurrentGCThread "G1 Refine#0" [stack: 0x000000525f800000,0x000000525f900000] [id=15312]
  0x000001ce18bdc800 ConcurrentGCThread "G1 Young RemSet Sampling" [stack: 0x000000525f900000,0x000000525fa00000] [id=16948]

Threads with active compile tasks:
C2 CompilerThread0  72612 15489   !   4       java.io.ObjectStreamClass::lookup (334 bytes)
C2 CompilerThread1  72612 15448   !   4       org.gradle.cache.internal.DefaultMultiProcessSafePersistentIndexedCache::getIfPresent (25 bytes)
C2 CompilerThread2  72612 15467       4       org.gradle.internal.component.model.ComponentAttributeMatcher::match (259 bytes)

VM state:not at safepoint (normal execution)

VM Mutex/Monitor currently owned by a thread: None

Heap address: 0x0000000080000000, size: 2048 MB, Compressed Oops mode: 32-bit
Narrow klass base: 0x0000000000000000, Narrow klass shift: 3
Compressed class space size: 1073741824 Address: 0x0000000100000000

Heap:
 garbage-first heap   total 258048K, used 215215K [0x0000000080000000, 0x0000000100000000)
  region size 1024K, 29 young (29696K), 5 survivors (5120K)
 Metaspace       used 118725K, capacity 122004K, committed 122112K, reserved 1155072K
  class space    used 14854K, capacity 16025K, committed 16128K, reserved 1048576K
Heap Regions: E=young(eden), S=young(survivor), O=old, HS=humongous(starts), HC=humongous(continues), CS=collection set, F=free, A=archive, TAMS=top-at-mark-start (previous, next)
|   0|0x0000000080000000, 0x0000000080100000, 0x0000000080100000|100%| O|  |TAMS 0x0000000080100000, 0x0000000080000000| Untracked 
|   1|0x0000000080100000, 0x0000000080200000, 0x0000000080200000|100%| O|  |TAMS 0x0000000080200000, 0x0000000080100000| Untracked 
|   2|0x0000000080200000, 0x0000000080300000, 0x0000000080300000|100%| O|  |TAMS 0x0000000080300000, 0x0000000080200000| Untracked 
|   3|0x0000000080300000, 0x0000000080400000, 0x0000000080400000|100%|HS|  |TAMS 0x0000000080400000, 0x0000000080300000| Complete 
|   4|0x0000000080400000, 0x0000000080500000, 0x0000000080500000|100%|HC|  |TAMS 0x0000000080500000, 0x0000000080400000| Complete 
|   5|0x0000000080500000, 0x0000000080600000, 0x0000000080600000|100%|HC|  |TAMS 0x0000000080600000, 0x0000000080500000| Complete 
|   6|0x0000000080600000, 0x0000000080700000, 0x0000000080700000|100%| O|  |TAMS 0x0000000080700000, 0x0000000080600000| Untracked 
|   7|0x0000000080700000, 0x0000000080800000, 0x0000000080800000|100%| O|  |TAMS 0x0000000080800000, 0x0000000080700000| Untracked 
|   8|0x0000000080800000, 0x0000000080900000, 0x0000000080900000|100%| O|  |TAMS 0x0000000080900000, 0x0000000080800000| Untracked 
|   9|0x0000000080900000, 0x0000000080a00000, 0x0000000080a00000|100%| O|  |TAMS 0x0000000080a00000, 0x0000000080900000| Untracked 
|  10|0x0000000080a00000, 0x0000000080b00000, 0x0000000080b00000|100%| O|  |TAMS 0x0000000080b00000, 0x0000000080a00000| Untracked 
|  11|0x0000000080b00000, 0x0000000080c00000, 0x0000000080c00000|100%| O|  |TAMS 0x0000000080c00000, 0x0000000080b00000| Untracked 
|  12|0x0000000080c00000, 0x0000000080d00000, 0x0000000080d00000|100%| O|  |TAMS 0x0000000080d00000, 0x0000000080c00000| Untracked 
|  13|0x0000000080d00000, 0x0000000080e00000, 0x0000000080e00000|100%| O|  |TAMS 0x0000000080e00000, 0x0000000080d00000| Untracked 
|  14|0x0000000080e00000, 0x0000000080f00000, 0x0000000080f00000|100%| O|  |TAMS 0x0000000080f00000, 0x0000000080e00000| Complete 
|  15|0x0000000080f00000, 0x0000000081000000, 0x0000000081000000|100%| O|  |TAMS 0x0000000081000000, 0x0000000080f00000| Untracked 
|  16|0x0000000081000000, 0x0000000081100000, 0x0000000081100000|100%| O|  |TAMS 0x0000000081100000, 0x0000000081000000| Untracked 
|  17|0x0000000081100000, 0x0000000081200000, 0x0000000081200000|100%|HS|  |TAMS 0x0000000081200000, 0x0000000081100000| Complete 
|  18|0x0000000081200000, 0x0000000081300000, 0x0000000081300000|100%|HC|  |TAMS 0x0000000081300000, 0x0000000081200000| Complete 
|  19|0x0000000081300000, 0x0000000081400000, 0x0000000081400000|100%|HS|  |TAMS 0x0000000081400000, 0x0000000081300000| Complete 
|  20|0x0000000081400000, 0x0000000081500000, 0x0000000081500000|100%|HC|  |TAMS 0x0000000081500000, 0x0000000081400000| Complete 
|  21|0x0000000081500000, 0x0000000081600000, 0x0000000081600000|100%|HC|  |TAMS 0x0000000081600000, 0x0000000081500000| Complete 
|  22|0x0000000081600000, 0x0000000081700000, 0x0000000081700000|100%|HS|  |TAMS 0x0000000081700000, 0x0000000081600000| Complete 
|  23|0x0000000081700000, 0x0000000081800000, 0x0000000081800000|100%|HC|  |TAMS 0x0000000081800000, 0x0000000081700000| Complete 
|  24|0x0000000081800000, 0x0000000081900000, 0x0000000081900000|100%|HC|  |TAMS 0x0000000081900000, 0x0000000081800000| Complete 
|  25|0x0000000081900000, 0x0000000081a00000, 0x0000000081a00000|100%|HS|  |TAMS 0x0000000081a00000, 0x0000000081900000| Complete 
|  26|0x0000000081a00000, 0x0000000081b00000, 0x0000000081b00000|100%|HC|  |TAMS 0x0000000081b00000, 0x0000000081a00000| Complete 
|  27|0x0000000081b00000, 0x0000000081c00000, 0x0000000081c00000|100%|HC|  |TAMS 0x0000000081c00000, 0x0000000081b00000| Complete 
|  28|0x0000000081c00000, 0x0000000081d00000, 0x0000000081d00000|100%|HC|  |TAMS 0x0000000081d00000, 0x0000000081c00000| Complete 
|  29|0x0000000081d00000, 0x0000000081e00000, 0x0000000081e00000|100%|HS|  |TAMS 0x0000000081e00000, 0x0000000081d00000| Complete 
|  30|0x0000000081e00000, 0x0000000081f00000, 0x0000000081f00000|100%|HC|  |TAMS 0x0000000081f00000, 0x0000000081e00000| Complete 
|  31|0x0000000081f00000, 0x0000000082000000, 0x0000000082000000|100%|HC|  |TAMS 0x0000000082000000, 0x0000000081f00000| Complete 
|  32|0x0000000082000000, 0x0000000082100000, 0x0000000082100000|100%|HC|  |TAMS 0x0000000082100000, 0x0000000082000000| Complete 
|  33|0x0000000082100000, 0x0000000082200000, 0x0000000082200000|100%|HC|  |TAMS 0x0000000082200000, 0x0000000082100000| Complete 
|  34|0x0000000082200000, 0x0000000082300000, 0x0000000082300000|100%|HS|  |TAMS 0x0000000082300000, 0x0000000082200000| Complete 
|  35|0x0000000082300000, 0x0000000082400000, 0x0000000082400000|100%| O|  |TAMS 0x0000000082400000, 0x0000000082300000| Untracked 
|  36|0x0000000082400000, 0x0000000082500000, 0x0000000082500000|100%|HS|  |TAMS 0x0000000082500000, 0x0000000082400000| Complete 
|  37|0x0000000082500000, 0x0000000082600000, 0x0000000082600000|100%|HC|  |TAMS 0x0000000082600000, 0x0000000082500000| Complete 
|  38|0x0000000082600000, 0x0000000082700000, 0x0000000082700000|100%|HC|  |TAMS 0x0000000082700000, 0x0000000082600000| Complete 
|  39|0x0000000082700000, 0x0000000082800000, 0x0000000082800000|100%| O|  |TAMS 0x0000000082800000, 0x0000000082700000| Complete 
|  40|0x0000000082800000, 0x0000000082900000, 0x0000000082900000|100%| O|  |TAMS 0x0000000082900000, 0x0000000082800000| Untracked 
|  41|0x0000000082900000, 0x0000000082a00000, 0x0000000082a00000|100%| O|  |TAMS 0x0000000082a00000, 0x0000000082900000| Complete 
|  42|0x0000000082a00000, 0x0000000082b00000, 0x0000000082b00000|100%| O|  |TAMS 0x0000000082b00000, 0x0000000082a00000| Complete 
|  43|0x0000000082b00000, 0x0000000082c00000, 0x0000000082c00000|100%| O|  |TAMS 0x0000000082c00000, 0x0000000082b00000| Untracked 
|  44|0x0000000082c00000, 0x0000000082d00000, 0x0000000082d00000|100%| O|  |TAMS 0x0000000082d00000, 0x0000000082c00000| Untracked 
|  45|0x0000000082d00000, 0x0000000082e00000, 0x0000000082e00000|100%| O|  |TAMS 0x0000000082e00000, 0x0000000082d00000| Untracked 
|  46|0x0000000082e00000, 0x0000000082f00000, 0x0000000082f00000|100%| O|  |TAMS 0x0000000082f00000, 0x0000000082e00000| Complete 
|  47|0x0000000082f00000, 0x0000000083000000, 0x0000000083000000|100%| O|  |TAMS 0x0000000083000000, 0x0000000082f00000| Complete 
|  48|0x0000000083000000, 0x0000000083100000, 0x0000000083100000|100%|HS|  |TAMS 0x0000000083100000, 0x0000000083000000| Complete 
|  49|0x0000000083100000, 0x0000000083200000, 0x0000000083200000|100%|HC|  |TAMS 0x0000000083200000, 0x0000000083100000| Complete 
|  50|0x0000000083200000, 0x0000000083300000, 0x0000000083300000|100%|HC|  |TAMS 0x0000000083300000, 0x0000000083200000| Complete 
|  51|0x0000000083300000, 0x0000000083400000, 0x0000000083400000|100%|HS|  |TAMS 0x0000000083400000, 0x0000000083300000| Complete 
|  52|0x0000000083400000, 0x0000000083500000, 0x0000000083500000|100%|HC|  |TAMS 0x0000000083500000, 0x0000000083400000| Complete 
|  53|0x0000000083500000, 0x0000000083600000, 0x0000000083600000|100%|HS|  |TAMS 0x0000000083600000, 0x0000000083500000| Complete 
|  54|0x0000000083600000, 0x0000000083700000, 0x0000000083700000|100%|HC|  |TAMS 0x0000000083700000, 0x0000000083600000| Complete 
|  55|0x0000000083700000, 0x0000000083800000, 0x0000000083800000|100%|HC|  |TAMS 0x0000000083800000, 0x0000000083700000| Complete 
|  56|0x0000000083800000, 0x0000000083900000, 0x0000000083900000|100%|HC|  |TAMS 0x0000000083900000, 0x0000000083800000| Complete 
|  57|0x0000000083900000, 0x0000000083a00000, 0x0000000083a00000|100%|HS|  |TAMS 0x0000000083a00000, 0x0000000083900000| Complete 
|  58|0x0000000083a00000, 0x0000000083b00000, 0x0000000083b00000|100%|HS|  |TAMS 0x0000000083b00000, 0x0000000083a00000| Complete 
|  59|0x0000000083b00000, 0x0000000083c00000, 0x0000000083c00000|100%|HC|  |TAMS 0x0000000083c00000, 0x0000000083b00000| Complete 
|  60|0x0000000083c00000, 0x0000000083d00000, 0x0000000083d00000|100%|HC|  |TAMS 0x0000000083d00000, 0x0000000083c00000| Complete 
|  61|0x0000000083d00000, 0x0000000083e00000, 0x0000000083e00000|100%|HC|  |TAMS 0x0000000083e00000, 0x0000000083d00000| Complete 
|  62|0x0000000083e00000, 0x0000000083f00000, 0x0000000083f00000|100%|HC|  |TAMS 0x0000000083f00000, 0x0000000083e00000| Complete 
|  63|0x0000000083f00000, 0x0000000084000000, 0x0000000084000000|100%| O|  |TAMS 0x0000000084000000, 0x0000000083f00000| Untracked 
|  64|0x0000000084000000, 0x0000000084100000, 0x0000000084100000|100%| O|  |TAMS 0x0000000084100000, 0x0000000084000000| Untracked 
|  65|0x0000000084100000, 0x0000000084200000, 0x0000000084200000|100%| O|  |TAMS 0x0000000084200000, 0x0000000084100000| Untracked 
|  66|0x0000000084200000, 0x0000000084300000, 0x0000000084300000|100%| O|  |TAMS 0x0000000084300000, 0x0000000084200000| Untracked 
|  67|0x0000000084300000, 0x0000000084400000, 0x0000000084400000|100%| O|  |TAMS 0x0000000084400000, 0x0000000084300000| Untracked 
|  68|0x0000000084400000, 0x0000000084500000, 0x0000000084500000|100%| O|  |TAMS 0x0000000084500000, 0x0000000084400000| Untracked 
|  69|0x0000000084500000, 0x0000000084600000, 0x0000000084600000|100%| O|  |TAMS 0x0000000084600000, 0x0000000084500000| Untracked 
|  70|0x0000000084600000, 0x0000000084700000, 0x0000000084700000|100%| O|  |TAMS 0x0000000084700000, 0x0000000084600000| Untracked 
|  71|0x0000000084700000, 0x0000000084800000, 0x0000000084800000|100%|HS|  |TAMS 0x0000000084800000, 0x0000000084700000| Complete 
|  72|0x0000000084800000, 0x0000000084900000, 0x0000000084900000|100%| O|  |TAMS 0x0000000084900000, 0x0000000084800000| Complete 
|  73|0x0000000084900000, 0x0000000084a00000, 0x0000000084a00000|100%|HS|  |TAMS 0x0000000084a00000, 0x0000000084900000| Complete 
|  74|0x0000000084a00000, 0x0000000084b00000, 0x0000000084b00000|100%|HC|  |TAMS 0x0000000084b00000, 0x0000000084a00000| Complete 
|  75|0x0000000084b00000, 0x0000000084c00000, 0x0000000084c00000|100%| O|  |TAMS 0x0000000084c00000, 0x0000000084b00000| Untracked 
|  76|0x0000000084c00000, 0x0000000084d00000, 0x0000000084d00000|100%| O|  |TAMS 0x0000000084d00000, 0x0000000084c00000| Untracked 
|  77|0x0000000084d00000, 0x0000000084e00000, 0x0000000084e00000|100%| O|  |TAMS 0x0000000084e00000, 0x0000000084d00000| Untracked 
|  78|0x0000000084e00000, 0x0000000084f00000, 0x0000000084f00000|100%| O|  |TAMS 0x0000000084f00000, 0x0000000084e00000| Untracked 
|  79|0x0000000084f00000, 0x0000000085000000, 0x0000000085000000|100%| O|  |TAMS 0x0000000085000000, 0x0000000084f00000| Complete 
|  80|0x0000000085000000, 0x0000000085100000, 0x0000000085100000|100%| O|  |TAMS 0x0000000085100000, 0x0000000085000000| Complete 
|  81|0x0000000085100000, 0x0000000085200000, 0x0000000085200000|100%| O|  |TAMS 0x0000000085200000, 0x0000000085100000| Complete 
|  82|0x0000000085200000, 0x0000000085300000, 0x0000000085300000|100%| O|  |TAMS 0x0000000085300000, 0x0000000085200000| Untracked 
|  83|0x0000000085300000, 0x0000000085400000, 0x0000000085400000|100%| O|  |TAMS 0x0000000085400000, 0x0000000085300000| Complete 
|  84|0x0000000085400000, 0x0000000085500000, 0x0000000085500000|100%| O|  |TAMS 0x0000000085500000, 0x0000000085400000| Untracked 
|  85|0x0000000085500000, 0x0000000085600000, 0x0000000085600000|100%| O|  |TAMS 0x0000000085600000, 0x0000000085500000| Untracked 
|  86|0x0000000085600000, 0x0000000085700000, 0x0000000085700000|100%| O|  |TAMS 0x0000000085700000, 0x0000000085600000| Untracked 
|  87|0x0000000085700000, 0x0000000085800000, 0x0000000085800000|100%| O|  |TAMS 0x0000000085800000, 0x0000000085700000| Complete 
|  88|0x0000000085800000, 0x0000000085900000, 0x0000000085900000|100%| O|  |TAMS 0x0000000085900000, 0x0000000085800000| Complete 
|  89|0x0000000085900000, 0x0000000085a00000, 0x0000000085a00000|100%| O|  |TAMS 0x0000000085a00000, 0x0000000085900000| Untracked 
|  90|0x0000000085a00000, 0x0000000085b00000, 0x0000000085b00000|100%| O|  |TAMS 0x0000000085b00000, 0x0000000085a00000| Untracked 
|  91|0x0000000085b00000, 0x0000000085c00000, 0x0000000085c00000|100%| O|  |TAMS 0x0000000085c00000, 0x0000000085b00000| Untracked 
|  92|0x0000000085c00000, 0x0000000085d00000, 0x0000000085d00000|100%| O|  |TAMS 0x0000000085d00000, 0x0000000085c00000| Untracked 
|  93|0x0000000085d00000, 0x0000000085e00000, 0x0000000085e00000|100%| O|  |TAMS 0x0000000085e00000, 0x0000000085d00000| Untracked 
|  94|0x0000000085e00000, 0x0000000085f00000, 0x0000000085f00000|100%| O|  |TAMS 0x0000000085f00000, 0x0000000085e00000| Untracked 
|  95|0x0000000085f00000, 0x0000000086000000, 0x0000000086000000|100%| O|  |TAMS 0x0000000086000000, 0x0000000085f00000| Untracked 
|  96|0x0000000086000000, 0x0000000086100000, 0x0000000086100000|100%| O|  |TAMS 0x0000000086100000, 0x0000000086000000| Untracked 
|  97|0x0000000086100000, 0x0000000086200000, 0x0000000086200000|100%| O|  |TAMS 0x0000000086200000, 0x0000000086100000| Complete 
|  98|0x0000000086200000, 0x0000000086300000, 0x0000000086300000|100%| O|  |TAMS 0x0000000086300000, 0x0000000086200000| Complete 
|  99|0x0000000086300000, 0x0000000086400000, 0x0000000086400000|100%| O|  |TAMS 0x0000000086400000, 0x0000000086300000| Complete 
| 100|0x0000000086400000, 0x0000000086500000, 0x0000000086500000|100%| O|  |TAMS 0x0000000086500000, 0x0000000086400000| Complete 
| 101|0x0000000086500000, 0x0000000086600000, 0x0000000086600000|100%| O|  |TAMS 0x0000000086600000, 0x0000000086500000| Complete 
| 102|0x0000000086600000, 0x0000000086700000, 0x0000000086700000|100%| O|  |TAMS 0x0000000086700000, 0x0000000086600000| Complete 
| 103|0x0000000086700000, 0x0000000086800000, 0x0000000086800000|100%| O|  |TAMS 0x0000000086800000, 0x0000000086700000| Complete 
| 104|0x0000000086800000, 0x0000000086900000, 0x0000000086900000|100%| O|  |TAMS 0x0000000086900000, 0x0000000086800000| Complete 
| 105|0x0000000086900000, 0x0000000086a00000, 0x0000000086a00000|100%| O|  |TAMS 0x0000000086a00000, 0x0000000086900000| Complete 
| 106|0x0000000086a00000, 0x0000000086b00000, 0x0000000086b00000|100%| O|  |TAMS 0x0000000086b00000, 0x0000000086a00000| Untracked 
| 107|0x0000000086b00000, 0x0000000086c00000, 0x0000000086c00000|100%|HS|  |TAMS 0x0000000086c00000, 0x0000000086b00000| Complete 
| 108|0x0000000086c00000, 0x0000000086d00000, 0x0000000086d00000|100%|HC|  |TAMS 0x0000000086d00000, 0x0000000086c00000| Complete 
| 109|0x0000000086d00000, 0x0000000086e00000, 0x0000000086e00000|100%|HS|  |TAMS 0x0000000086e00000, 0x0000000086d00000| Complete 
| 110|0x0000000086e00000, 0x0000000086f00000, 0x0000000086f00000|100%|HC|  |TAMS 0x0000000086f00000, 0x0000000086e00000| Complete 
| 111|0x0000000086f00000, 0x0000000087000000, 0x0000000087000000|100%|HC|  |TAMS 0x0000000087000000, 0x0000000086f00000| Complete 
| 112|0x0000000087000000, 0x0000000087100000, 0x0000000087100000|100%|HS|  |TAMS 0x0000000087100000, 0x0000000087000000| Complete 
| 113|0x0000000087100000, 0x0000000087200000, 0x0000000087200000|100%|HC|  |TAMS 0x0000000087200000, 0x0000000087100000| Complete 
| 114|0x0000000087200000, 0x0000000087300000, 0x0000000087300000|100%|HC|  |TAMS 0x0000000087300000, 0x0000000087200000| Complete 
| 115|0x0000000087300000, 0x0000000087400000, 0x0000000087400000|100%|HS|  |TAMS 0x0000000087400000, 0x0000000087300000| Complete 
| 116|0x0000000087400000, 0x0000000087500000, 0x0000000087500000|100%|HC|  |TAMS 0x0000000087500000, 0x0000000087400000| Complete 
| 117|0x0000000087500000, 0x0000000087600000, 0x0000000087600000|100%|HC|  |TAMS 0x0000000087600000, 0x0000000087500000| Complete 
| 118|0x0000000087600000, 0x0000000087700000, 0x0000000087700000|100%|HC|  |TAMS 0x0000000087700000, 0x0000000087600000| Complete 
| 119|0x0000000087700000, 0x0000000087800000, 0x0000000087800000|100%|HS|  |TAMS 0x0000000087800000, 0x0000000087700000| Complete 
| 120|0x0000000087800000, 0x0000000087900000, 0x0000000087900000|100%|HC|  |TAMS 0x0000000087900000, 0x0000000087800000| Complete 
| 121|0x0000000087900000, 0x0000000087a00000, 0x0000000087a00000|100%|HC|  |TAMS 0x0000000087a00000, 0x0000000087900000| Complete 
| 122|0x0000000087a00000, 0x0000000087b00000, 0x0000000087b00000|100%|HC|  |TAMS 0x0000000087b00000, 0x0000000087a00000| Complete 
| 123|0x0000000087b00000, 0x0000000087c00000, 0x0000000087c00000|100%|HC|  |TAMS 0x0000000087c00000, 0x0000000087b00000| Complete 
| 124|0x0000000087c00000, 0x0000000087d00000, 0x0000000087d00000|100%|HS|  |TAMS 0x0000000087d00000, 0x0000000087c00000| Complete 
| 125|0x0000000087d00000, 0x0000000087e00000, 0x0000000087e00000|100%| O|  |TAMS 0x0000000087e00000, 0x0000000087d00000| Untracked 
| 126|0x0000000087e00000, 0x0000000087f00000, 0x0000000087f00000|100%| O|  |TAMS 0x0000000087f00000, 0x0000000087e00000| Untracked 
| 127|0x0000000087f00000, 0x0000000088000000, 0x0000000088000000|100%| O|  |TAMS 0x0000000088000000, 0x0000000087f00000| Complete 
| 128|0x0000000088000000, 0x0000000088100000, 0x0000000088100000|100%| O|  |TAMS 0x0000000088100000, 0x0000000088000000| Complete 
| 129|0x0000000088100000, 0x0000000088200000, 0x0000000088200000|100%| O|  |TAMS 0x0000000088200000, 0x0000000088100000| Complete 
| 130|0x0000000088200000, 0x0000000088300000, 0x0000000088300000|100%| O|  |TAMS 0x0000000088300000, 0x0000000088200000| Complete 
| 131|0x0000000088300000, 0x0000000088400000, 0x0000000088400000|100%| O|  |TAMS 0x0000000088400000, 0x0000000088300000| Complete 
| 132|0x0000000088400000, 0x0000000088500000, 0x0000000088500000|100%| O|  |TAMS 0x0000000088500000, 0x0000000088400000| Complete 
| 133|0x0000000088500000, 0x0000000088600000, 0x0000000088600000|100%| O|  |TAMS 0x0000000088600000, 0x0000000088500000| Complete 
| 134|0x0000000088600000, 0x0000000088700000, 0x0000000088700000|100%| O|  |TAMS 0x0000000088700000, 0x0000000088600000| Untracked 
| 135|0x0000000088700000, 0x0000000088800000, 0x0000000088800000|100%| O|  |TAMS 0x0000000088800000, 0x0000000088700000| Complete 
| 136|0x0000000088800000, 0x0000000088900000, 0x0000000088900000|100%| O|  |TAMS 0x0000000088900000, 0x0000000088800000| Complete 
| 137|0x0000000088900000, 0x0000000088a00000, 0x0000000088a00000|100%| O|  |TAMS 0x0000000088a00000, 0x0000000088900000| Complete 
| 138|0x0000000088a00000, 0x0000000088b00000, 0x0000000088b00000|100%| O|  |TAMS 0x0000000088b00000, 0x0000000088a00000| Untracked 
| 139|0x0000000088b00000, 0x0000000088c00000, 0x0000000088c00000|100%| O|  |TAMS 0x0000000088c00000, 0x0000000088b00000| Complete 
| 140|0x0000000088c00000, 0x0000000088d00000, 0x0000000088d00000|100%| O|  |TAMS 0x0000000088d00000, 0x0000000088c00000| Complete 
| 141|0x0000000088d00000, 0x0000000088e00000, 0x0000000088e00000|100%| O|  |TAMS 0x0000000088e00000, 0x0000000088d00000| Complete 
| 142|0x0000000088e00000, 0x0000000088f00000, 0x0000000088f00000|100%| O|  |TAMS 0x0000000088f00000, 0x0000000088e00000| Complete 
| 143|0x0000000088f00000, 0x0000000089000000, 0x0000000089000000|100%| O|  |TAMS 0x0000000089000000, 0x0000000088f00000| Untracked 
| 144|0x0000000089000000, 0x0000000089100000, 0x0000000089100000|100%| O|  |TAMS 0x0000000089100000, 0x0000000089000000| Untracked 
| 145|0x0000000089100000, 0x0000000089200000, 0x0000000089200000|100%| O|  |TAMS 0x0000000089200000, 0x0000000089100000| Complete 
| 146|0x0000000089200000, 0x0000000089300000, 0x0000000089300000|100%| O|  |TAMS 0x0000000089300000, 0x0000000089200000| Complete 
| 147|0x0000000089300000, 0x0000000089400000, 0x0000000089400000|100%| O|  |TAMS 0x0000000089400000, 0x0000000089300000| Complete 
| 148|0x0000000089400000, 0x0000000089500000, 0x0000000089500000|100%| O|  |TAMS 0x0000000089500000, 0x0000000089400000| Untracked 
| 149|0x0000000089500000, 0x0000000089600000, 0x0000000089600000|100%| O|  |TAMS 0x0000000089600000, 0x0000000089500000| Complete 
| 150|0x0000000089600000, 0x0000000089700000, 0x0000000089700000|100%| O|  |TAMS 0x0000000089700000, 0x0000000089600000| Complete 
| 151|0x0000000089700000, 0x0000000089800000, 0x0000000089800000|100%| O|  |TAMS 0x0000000089800000, 0x0000000089700000| Untracked 
| 152|0x0000000089800000, 0x0000000089900000, 0x0000000089900000|100%| O|  |TAMS 0x0000000089900000, 0x0000000089800000| Complete 
| 153|0x0000000089900000, 0x0000000089a00000, 0x0000000089a00000|100%| O|  |TAMS 0x0000000089a00000, 0x0000000089900000| Complete 
| 154|0x0000000089a00000, 0x0000000089b00000, 0x0000000089b00000|100%| O|  |TAMS 0x0000000089b00000, 0x0000000089a00000| Complete 
| 155|0x0000000089b00000, 0x0000000089c00000, 0x0000000089c00000|100%| O|  |TAMS 0x0000000089c00000, 0x0000000089b00000| Complete 
| 156|0x0000000089c00000, 0x0000000089d00000, 0x0000000089d00000|100%| O|  |TAMS 0x0000000089d00000, 0x0000000089c00000| Complete 
| 157|0x0000000089d00000, 0x0000000089e00000, 0x0000000089e00000|100%| O|  |TAMS 0x0000000089e00000, 0x0000000089d00000| Complete 
| 158|0x0000000089e00000, 0x0000000089f00000, 0x0000000089f00000|100%| O|  |TAMS 0x0000000089f00000, 0x0000000089e00000| Untracked 
| 159|0x0000000089f00000, 0x000000008a000000, 0x000000008a000000|100%| O|  |TAMS 0x000000008a000000, 0x0000000089f00000| Complete 
| 160|0x000000008a000000, 0x000000008a100000, 0x000000008a100000|100%| O|  |TAMS 0x000000008a100000, 0x000000008a000000| Complete 
| 161|0x000000008a100000, 0x000000008a200000, 0x000000008a200000|100%| O|  |TAMS 0x000000008a200000, 0x000000008a100000| Complete 
| 162|0x000000008a200000, 0x000000008a300000, 0x000000008a300000|100%| O|  |TAMS 0x000000008a300000, 0x000000008a200000| Complete 
| 163|0x000000008a300000, 0x000000008a400000, 0x000000008a400000|100%| O|  |TAMS 0x000000008a400000, 0x000000008a300000| Complete 
| 164|0x000000008a400000, 0x000000008a500000, 0x000000008a500000|100%| O|  |TAMS 0x000000008a500000, 0x000000008a400000| Complete 
| 165|0x000000008a500000, 0x000000008a600000, 0x000000008a600000|100%| O|  |TAMS 0x000000008a600000, 0x000000008a500000| Complete 
| 166|0x000000008a600000, 0x000000008a700000, 0x000000008a700000|100%| O|  |TAMS 0x000000008a700000, 0x000000008a600000| Complete 
| 167|0x000000008a700000, 0x000000008a800000, 0x000000008a800000|100%| O|  |TAMS 0x000000008a800000, 0x000000008a700000| Complete 
| 168|0x000000008a800000, 0x000000008a900000, 0x000000008a900000|100%| O|  |TAMS 0x000000008a900000, 0x000000008a800000| Complete 
| 169|0x000000008a900000, 0x000000008aa00000, 0x000000008aa00000|100%| O|  |TAMS 0x000000008aa00000, 0x000000008a900000| Complete 
| 170|0x000000008aa00000, 0x000000008ab00000, 0x000000008ab00000|100%| O|  |TAMS 0x000000008ab00000, 0x000000008aa00000| Complete 
| 171|0x000000008ab00000, 0x000000008ac00000, 0x000000008ac00000|100%| O|  |TAMS 0x000000008ac00000, 0x000000008ab00000| Complete 
| 172|0x000000008ac00000, 0x000000008ad00000, 0x000000008ad00000|100%| O|  |TAMS 0x000000008ad00000, 0x000000008ac00000| Complete 
| 173|0x000000008ad00000, 0x000000008ae00000, 0x000000008ae00000|100%| O|  |TAMS 0x000000008ae00000, 0x000000008ad00000| Complete 
| 174|0x000000008ae00000, 0x000000008af00000, 0x000000008af00000|100%| O|  |TAMS 0x000000008af00000, 0x000000008ae00000| Complete 
| 175|0x000000008af00000, 0x000000008b000000, 0x000000008b000000|100%| O|  |TAMS 0x000000008b000000, 0x000000008af00000| Complete 
| 176|0x000000008b000000, 0x000000008b100000, 0x000000008b100000|100%| O|  |TAMS 0x000000008b100000, 0x000000008b000000| Untracked 
| 177|0x000000008b100000, 0x000000008b200000, 0x000000008b200000|100%| O|  |TAMS 0x000000008b200000, 0x000000008b100000| Complete 
| 178|0x000000008b200000, 0x000000008b300000, 0x000000008b300000|100%| O|  |TAMS 0x000000008b300000, 0x000000008b200000| Untracked 
| 179|0x000000008b300000, 0x000000008b400000, 0x000000008b400000|100%| O|  |TAMS 0x000000008b400000, 0x000000008b300000| Untracked 
| 180|0x000000008b400000, 0x000000008b500000, 0x000000008b500000|100%| O|  |TAMS 0x000000008b500000, 0x000000008b400000| Untracked 
| 181|0x000000008b500000, 0x000000008b600000, 0x000000008b600000|100%| O|  |TAMS 0x000000008b600000, 0x000000008b500000| Untracked 
| 182|0x000000008b600000, 0x000000008b700000, 0x000000008b700000|100%| O|  |TAMS 0x000000008b700000, 0x000000008b600000| Untracked 
| 183|0x000000008b700000, 0x000000008b7a3600, 0x000000008b800000| 63%| O|  |TAMS 0x000000008b7a3600, 0x000000008b700000| Untracked 
| 184|0x000000008b800000, 0x000000008b800000, 0x000000008b900000|  0%| F|  |TAMS 0x000000008b800000, 0x000000008b800000| Untracked 
| 185|0x000000008b900000, 0x000000008b900000, 0x000000008ba00000|  0%| F|  |TAMS 0x000000008b900000, 0x000000008b900000| Untracked 
| 186|0x000000008ba00000, 0x000000008ba00000, 0x000000008bb00000|  0%| F|  |TAMS 0x000000008ba00000, 0x000000008ba00000| Untracked 
| 187|0x000000008bb00000, 0x000000008bb00000, 0x000000008bc00000|  0%| F|  |TAMS 0x000000008bb00000, 0x000000008bb00000| Untracked 
| 188|0x000000008bc00000, 0x000000008bc00000, 0x000000008bd00000|  0%| F|  |TAMS 0x000000008bc00000, 0x000000008bc00000| Untracked 
| 189|0x000000008bd00000, 0x000000008bd00000, 0x000000008be00000|  0%| F|  |TAMS 0x000000008bd00000, 0x000000008bd00000| Untracked 
| 190|0x000000008be00000, 0x000000008be00000, 0x000000008bf00000|  0%| F|  |TAMS 0x000000008be00000, 0x000000008be00000| Untracked 
| 191|0x000000008bf00000, 0x000000008bf00000, 0x000000008c000000|  0%| F|  |TAMS 0x000000008bf00000, 0x000000008bf00000| Untracked 
| 192|0x000000008c000000, 0x000000008c000000, 0x000000008c100000|  0%| F|  |TAMS 0x000000008c000000, 0x000000008c000000| Untracked 
| 193|0x000000008c100000, 0x000000008c100000, 0x000000008c200000|  0%| F|  |TAMS 0x000000008c100000, 0x000000008c100000| Untracked 
| 194|0x000000008c200000, 0x000000008c200000, 0x000000008c300000|  0%| F|  |TAMS 0x000000008c200000, 0x000000008c200000| Untracked 
| 195|0x000000008c300000, 0x000000008c300000, 0x000000008c400000|  0%| F|  |TAMS 0x000000008c300000, 0x000000008c300000| Untracked 
| 196|0x000000008c400000, 0x000000008c400000, 0x000000008c500000|  0%| F|  |TAMS 0x000000008c400000, 0x000000008c400000| Untracked 
| 197|0x000000008c500000, 0x000000008c500000, 0x000000008c600000|  0%| F|  |TAMS 0x000000008c500000, 0x000000008c500000| Untracked 
| 198|0x000000008c600000, 0x000000008c600000, 0x000000008c700000|  0%| F|  |TAMS 0x000000008c600000, 0x000000008c600000| Untracked 
| 199|0x000000008c700000, 0x000000008c700000, 0x000000008c800000|  0%| F|  |TAMS 0x000000008c700000, 0x000000008c700000| Untracked 
| 200|0x000000008c800000, 0x000000008c800000, 0x000000008c900000|  0%| F|  |TAMS 0x000000008c800000, 0x000000008c800000| Untracked 
| 201|0x000000008c900000, 0x000000008c900000, 0x000000008ca00000|  0%| F|  |TAMS 0x000000008c900000, 0x000000008c900000| Untracked 
| 202|0x000000008ca00000, 0x000000008ca00000, 0x000000008cb00000|  0%| F|  |TAMS 0x000000008ca00000, 0x000000008ca00000| Untracked 
| 203|0x000000008cb00000, 0x000000008cb00000, 0x000000008cc00000|  0%| F|  |TAMS 0x000000008cb00000, 0x000000008cb00000| Untracked 
| 204|0x000000008cc00000, 0x000000008cc00000, 0x000000008cd00000|  0%| F|  |TAMS 0x000000008cc00000, 0x000000008cc00000| Untracked 
| 205|0x000000008cd00000, 0x000000008cd00000, 0x000000008ce00000|  0%| F|  |TAMS 0x000000008cd00000, 0x000000008cd00000| Untracked 
| 206|0x000000008ce00000, 0x000000008ce00000, 0x000000008cf00000|  0%| F|  |TAMS 0x000000008ce00000, 0x000000008ce00000| Untracked 
| 207|0x000000008cf00000, 0x000000008cf00000, 0x000000008d000000|  0%| F|  |TAMS 0x000000008cf00000, 0x000000008cf00000| Untracked 
| 208|0x000000008d000000, 0x000000008d000000, 0x000000008d100000|  0%| F|  |TAMS 0x000000008d000000, 0x000000008d000000| Untracked 
| 209|0x000000008d100000, 0x000000008d100000, 0x000000008d200000|  0%| F|  |TAMS 0x000000008d100000, 0x000000008d100000| Untracked 
| 210|0x000000008d200000, 0x000000008d200000, 0x000000008d300000|  0%| F|  |TAMS 0x000000008d200000, 0x000000008d200000| Untracked 
| 211|0x000000008d300000, 0x000000008d300000, 0x000000008d400000|  0%| F|  |TAMS 0x000000008d300000, 0x000000008d300000| Untracked 
| 212|0x000000008d400000, 0x000000008d400000, 0x000000008d500000|  0%| F|  |TAMS 0x000000008d400000, 0x000000008d400000| Untracked 
| 213|0x000000008d500000, 0x000000008d500000, 0x000000008d600000|  0%| F|  |TAMS 0x000000008d500000, 0x000000008d500000| Untracked 
| 214|0x000000008d600000, 0x000000008d600000, 0x000000008d700000|  0%| F|  |TAMS 0x000000008d600000, 0x000000008d600000| Untracked 
| 215|0x000000008d700000, 0x000000008d788700, 0x000000008d800000| 53%| S|CS|TAMS 0x000000008d700000, 0x000000008d700000| Complete 
| 216|0x000000008d800000, 0x000000008d900000, 0x000000008d900000|100%| S|CS|TAMS 0x000000008d800000, 0x000000008d800000| Complete 
| 217|0x000000008d900000, 0x000000008da00000, 0x000000008da00000|100%| S|CS|TAMS 0x000000008d900000, 0x000000008d900000| Complete 
| 218|0x000000008da00000, 0x000000008db00000, 0x000000008db00000|100%| S|CS|TAMS 0x000000008da00000, 0x000000008da00000| Complete 
| 219|0x000000008db00000, 0x000000008dc00000, 0x000000008dc00000|100%| S|CS|TAMS 0x000000008db00000, 0x000000008db00000| Complete 
| 220|0x000000008dc00000, 0x000000008dc00000, 0x000000008dd00000|  0%| F|  |TAMS 0x000000008dc00000, 0x000000008dc00000| Untracked 
| 221|0x000000008dd00000, 0x000000008dd00000, 0x000000008de00000|  0%| F|  |TAMS 0x000000008dd00000, 0x000000008dd00000| Untracked 
| 222|0x000000008de00000, 0x000000008de00000, 0x000000008df00000|  0%| F|  |TAMS 0x000000008de00000, 0x000000008de00000| Untracked 
| 223|0x000000008df00000, 0x000000008df00000, 0x000000008e000000|  0%| F|  |TAMS 0x000000008df00000, 0x000000008df00000| Untracked 
| 224|0x000000008e000000, 0x000000008e000000, 0x000000008e100000|  0%| F|  |TAMS 0x000000008e000000, 0x000000008e000000| Untracked 
| 225|0x000000008e100000, 0x000000008e100000, 0x000000008e200000|  0%| F|  |TAMS 0x000000008e100000, 0x000000008e100000| Untracked 
| 226|0x000000008e200000, 0x000000008e200000, 0x000000008e300000|  0%| F|  |TAMS 0x000000008e200000, 0x000000008e200000| Untracked 
| 227|0x000000008e300000, 0x000000008e300000, 0x000000008e400000|  0%| F|  |TAMS 0x000000008e300000, 0x000000008e300000| Untracked 
| 228|0x000000008e400000, 0x000000008e45f1d0, 0x000000008e500000| 37%| E|  |TAMS 0x000000008e400000, 0x000000008e400000| Complete 
| 229|0x000000008e500000, 0x000000008e600000, 0x000000008e600000|100%| E|CS|TAMS 0x000000008e500000, 0x000000008e500000| Complete 
| 230|0x000000008e600000, 0x000000008e700000, 0x000000008e700000|100%| E|  |TAMS 0x000000008e600000, 0x000000008e600000| Complete 
| 231|0x000000008e700000, 0x000000008e800000, 0x000000008e800000|100%| E|CS|TAMS 0x000000008e700000, 0x000000008e700000| Complete 
| 232|0x000000008e800000, 0x000000008e900000, 0x000000008e900000|100%| E|CS|TAMS 0x000000008e800000, 0x000000008e800000| Complete 
| 233|0x000000008e900000, 0x000000008ea00000, 0x000000008ea00000|100%| E|CS|TAMS 0x000000008e900000, 0x000000008e900000| Complete 
| 234|0x000000008ea00000, 0x000000008eb00000, 0x000000008eb00000|100%| E|CS|TAMS 0x000000008ea00000, 0x000000008ea00000| Complete 
| 235|0x000000008eb00000, 0x000000008ec00000, 0x000000008ec00000|100%| E|CS|TAMS 0x000000008eb00000, 0x000000008eb00000| Complete 
| 236|0x000000008ec00000, 0x000000008ed00000, 0x000000008ed00000|100%| E|CS|TAMS 0x000000008ec00000, 0x000000008ec00000| Complete 
| 237|0x000000008ed00000, 0x000000008ee00000, 0x000000008ee00000|100%| E|CS|TAMS 0x000000008ed00000, 0x000000008ed00000| Complete 
| 238|0x000000008ee00000, 0x000000008ef00000, 0x000000008ef00000|100%| E|CS|TAMS 0x000000008ee00000, 0x000000008ee00000| Complete 
| 239|0x000000008ef00000, 0x000000008f000000, 0x000000008f000000|100%| E|CS|TAMS 0x000000008ef00000, 0x000000008ef00000| Complete 
| 240|0x000000008f000000, 0x000000008f100000, 0x000000008f100000|100%| E|CS|TAMS 0x000000008f000000, 0x000000008f000000| Complete 
| 241|0x000000008f100000, 0x000000008f200000, 0x000000008f200000|100%| E|CS|TAMS 0x000000008f100000, 0x000000008f100000| Complete 
| 242|0x000000008f200000, 0x000000008f300000, 0x000000008f300000|100%| E|CS|TAMS 0x000000008f200000, 0x000000008f200000| Complete 
| 243|0x000000008f300000, 0x000000008f400000, 0x000000008f400000|100%| E|CS|TAMS 0x000000008f300000, 0x000000008f300000| Complete 
| 244|0x000000008f400000, 0x000000008f500000, 0x000000008f500000|100%| E|CS|TAMS 0x000000008f400000, 0x000000008f400000| Complete 
| 245|0x000000008f500000, 0x000000008f600000, 0x000000008f600000|100%| E|CS|TAMS 0x000000008f500000, 0x000000008f500000| Complete 
| 246|0x000000008f600000, 0x000000008f700000, 0x000000008f700000|100%| E|CS|TAMS 0x000000008f600000, 0x000000008f600000| Complete 
| 247|0x000000008f700000, 0x000000008f800000, 0x000000008f800000|100%| E|CS|TAMS 0x000000008f700000, 0x000000008f700000| Complete 
| 248|0x000000008f800000, 0x000000008f900000, 0x000000008f900000|100%| E|CS|TAMS 0x000000008f800000, 0x000000008f800000| Complete 
| 249|0x000000008f900000, 0x000000008fa00000, 0x000000008fa00000|100%| E|CS|TAMS 0x000000008f900000, 0x000000008f900000| Complete 
| 250|0x000000008fa00000, 0x000000008fb00000, 0x000000008fb00000|100%| E|CS|TAMS 0x000000008fa00000, 0x000000008fa00000| Complete 
| 251|0x000000008fb00000, 0x000000008fc00000, 0x000000008fc00000|100%| E|CS|TAMS 0x000000008fb00000, 0x000000008fb00000| Complete 

Card table byte_map: [0x000001ce7f000000,0x000001ce7f400000] _byte_map_base: 0x000001ce7ec00000

Marking Bits (Prev, Next): (CMBitMap*) 0x000001ce7e83a048, (CMBitMap*) 0x000001ce7e83a080
 Prev Bits: [0x000001ce12a40000, 0x000001ce14a40000)
 Next Bits: [0x000001ce14a40000, 0x000001ce16a40000)

Polling page: 0x000001ce7dfd0000

Metaspace:

Usage:
  Non-class:    103.50 MB capacity,   101.44 MB ( 98%) used,     1.71 MB (  2%) free+waste,   352.75 KB ( <1%) overhead. 
      Class:     15.65 MB capacity,    14.51 MB ( 93%) used,  1014.83 KB (  6%) free+waste,   155.88 KB ( <1%) overhead. 
       Both:    119.14 MB capacity,   115.94 MB ( 97%) used,     2.70 MB (  2%) free+waste,   508.63 KB ( <1%) overhead. 

Virtual space:
  Non-class space:      104.00 MB reserved,     103.50 MB (>99%) committed 
      Class space:        1.00 GB reserved,      15.75 MB (  2%) committed 
             Both:        1.10 GB reserved,     119.25 MB ( 11%) committed 

Chunk freelists:
   Non-Class:  5.00 KB
       Class:  7.00 KB
        Both:  12.00 KB

MaxMetaspaceSize: 17179869184.00 GB
CompressedClassSpaceSize: 1.00 GB
Initial GC threshold: 20.80 MB
Current GC threshold: 198.75 MB
CDS: off

CodeHeap 'non-profiled nmethods': size=120000Kb used=10617Kb max_used=10617Kb free=109383Kb
 bounds [0x000001ce0b510000, 0x000001ce0bf70000, 0x000001ce12a40000]
CodeHeap 'profiled nmethods': size=120000Kb used=33836Kb max_used=33836Kb free=86164Kb
 bounds [0x000001ce03fe0000, 0x000001ce060f0000, 0x000001ce0b510000]
CodeHeap 'non-nmethods': size=5760Kb used=2461Kb max_used=2546Kb free=3298Kb
 bounds [0x000001ce03a40000, 0x000001ce03ce0000, 0x000001ce03fe0000]
 total_blobs=16324 nmethods=15344 adapters=891
 compilation: enabled
              stopped_count=0, restarted_count=0
 full_count=0

Compilation events (20 events):
Event: 72.496 Thread 0x000001ce19605800 15484       3       org.gradle.workers.internal.WorkerDaemonClientsManager$LogLevelChangeEventListener::onOutput (25 bytes)
Event: 72.496 Thread 0x000001ce19605800 nmethod 15484 0x000001ce060e8910 code [0x000001ce060e8ae0, 0x000001ce060e8ef8]
Event: 72.496 Thread 0x000001ce19605800 15483       3       org.gradle.util.internal.DeferredUtil::unpackOrNull (8 bytes)
Event: 72.496 Thread 0x000001ce19605800 nmethod 15483 0x000001ce060e9090 code [0x000001ce060e9240, 0x000001ce060e9348]
Event: 72.496 Thread 0x000001ce19605800 15488       3       java.util.HashMap::capacity (32 bytes)
Event: 72.497 Thread 0x000001ce19605800 nmethod 15488 0x000001ce060e9410 code [0x000001ce060e95c0, 0x000001ce060e9778]
Event: 72.497 Thread 0x000001ce19605800 15490       3       java.io.Bits::putFloat (10 bytes)
Event: 72.497 Thread 0x000001ce19605800 nmethod 15490 0x000001ce060e9810 code [0x000001ce060e99e0, 0x000001ce060e9c88]
Event: 72.504 Thread 0x000001ce195f3000 nmethod 15473 0x000001ce0bf67f10 code [0x000001ce0bf68120, 0x000001ce0bf687c0]
Event: 72.504 Thread 0x000001ce195f3000 15476       4       org.gradle.api.internal.artifacts.ivyservice.resolveengine.artifact.ParallelResolveArtifactSet$VisitingSet$StartVisitAction::visitArtifacts (31 bytes)
Event: 72.513 Thread 0x000001ce195f3000 nmethod 15476 0x000001ce0bf68c90 code [0x000001ce0bf68e60, 0x000001ce0bf69458]
Event: 72.513 Thread 0x000001ce195f3000 15491       4       java.io.ObjectOutputStream$BlockDataOutputStream::setBlockDataMode (35 bytes)
Event: 72.516 Thread 0x000001ce195f3000 nmethod 15491 0x000001ce0bf69790 code [0x000001ce0bf69940, 0x000001ce0bf69a98]
Event: 72.516 Thread 0x000001ce195f3000 15489   !   4       java.io.ObjectStreamClass::lookup (334 bytes)
Event: 72.529 Thread 0x000001ce19605800 15494       1       org.gradle.api.internal.tasks.execution.DefaultTaskExecutionContext::getTaskProperties (5 bytes)
Event: 72.529 Thread 0x000001ce19605800 nmethod 15494 0x000001ce0bf69c10 code [0x000001ce0bf69dc0, 0x000001ce0bf69e78]
Event: 72.529 Thread 0x000001ce19605800 15495       3       org.gradle.api.internal.tasks.execution.TaskExecution$$Lambda$1350/0x0000000100f63440::get$Lambda (10 bytes)
Event: 72.529 Thread 0x000001ce19605800 nmethod 15495 0x000001ce060e9d90 code [0x000001ce060e9f60, 0x000001ce060ea218]
Event: 72.529 Thread 0x000001ce19605800 15496       3       org.gradle.api.internal.tasks.execution.TaskExecution$$Lambda$1350/0x0000000100f63440::<init> (15 bytes)
Event: 72.529 Thread 0x000001ce19605800 nmethod 15496 0x000001ce060ea310 code [0x000001ce060ea4c0, 0x000001ce060ea6d8]

GC Heap History (20 events):
Event: 21.384 GC heap before
{Heap before GC invocations=23 (full 0):
 garbage-first heap   total 258048K, used 216764K [0x0000000080000000, 0x0000000100000000)
  region size 1024K, 70 young (71680K), 9 survivors (9216K)
 Metaspace       used 107568K, capacity 110298K, committed 110464K, reserved 1144832K
  class space    used 13739K, capacity 14690K, committed 14720K, reserved 1048576K
}
Event: 21.400 GC heap after
{Heap after GC invocations=24 (full 0):
 garbage-first heap   total 258048K, used 163413K [0x0000000080000000, 0x0000000100000000)
  region size 1024K, 9 young (9216K), 9 survivors (9216K)
 Metaspace       used 107568K, capacity 110298K, committed 110464K, reserved 1144832K
  class space    used 13739K, capacity 14690K, committed 14720K, reserved 1048576K
}
Event: 21.755 GC heap before
{Heap before GC invocations=24 (full 0):
 garbage-first heap   total 258048K, used 214613K [0x0000000080000000, 0x0000000100000000)
  region size 1024K, 60 young (61440K), 9 survivors (9216K)
 Metaspace       used 107776K, capacity 110456K, committed 110720K, reserved 1144832K
  class space    used 13741K, capacity 14693K, committed 14720K, reserved 1048576K
}
Event: 21.762 GC heap after
{Heap after GC invocations=25 (full 0):
 garbage-first heap   total 258048K, used 166787K [0x0000000080000000, 0x0000000100000000)
  region size 1024K, 6 young (6144K), 6 survivors (6144K)
 Metaspace       used 107776K, capacity 110456K, committed 110720K, reserved 1144832K
  class space    used 13741K, capacity 14693K, committed 14720K, reserved 1048576K
}
Event: 22.415 GC heap before
{Heap before GC invocations=26 (full 0):
 garbage-first heap   total 258048K, used 214915K [0x0000000080000000, 0x0000000100000000)
  region size 1024K, 54 young (55296K), 6 survivors (6144K)
 Metaspace       used 108559K, capacity 111210K, committed 111360K, reserved 1146880K
  class space    used 13794K, capacity 14737K, committed 14848K, reserved 1048576K
}
Event: 22.423 GC heap after
{Heap after GC invocations=27 (full 0):
 garbage-first heap   total 258048K, used 170517K [0x0000000080000000, 0x0000000100000000)
  region size 1024K, 6 young (6144K), 6 survivors (6144K)
 Metaspace       used 108559K, capacity 111210K, committed 111360K, reserved 1146880K
  class space    used 13794K, capacity 14737K, committed 14848K, reserved 1048576K
}
Event: 22.852 GC heap before
{Heap before GC invocations=27 (full 0):
 garbage-first heap   total 258048K, used 216597K [0x0000000080000000, 0x0000000100000000)
  region size 1024K, 51 young (52224K), 6 survivors (6144K)
 Metaspace       used 109292K, capacity 112037K, committed 112128K, reserved 1146880K
  class space    used 13858K, capacity 14830K, committed 14848K, reserved 1048576K
}
Event: 22.862 GC heap after
{Heap after GC invocations=28 (full 0):
 garbage-first heap   total 258048K, used 173556K [0x0000000080000000, 0x0000000100000000)
  region size 1024K, 5 young (5120K), 5 survivors (5120K)
 Metaspace       used 109292K, capacity 112037K, committed 112128K, reserved 1146880K
  class space    used 13858K, capacity 14830K, committed 14848K, reserved 1048576K
}
Event: 23.356 GC heap before
{Heap before GC invocations=29 (full 0):
 garbage-first heap   total 258048K, used 216564K [0x0000000080000000, 0x0000000100000000)
  region size 1024K, 48 young (49152K), 5 survivors (5120K)
 Metaspace       used 109563K, capacity 112276K, committed 112512K, reserved 1146880K
  class space    used 13883K, capacity 14864K, committed 14976K, reserved 1048576K
}
Event: 23.363 GC heap after
{Heap after GC invocations=30 (full 0):
 garbage-first heap   total 258048K, used 176181K [0x0000000080000000, 0x0000000100000000)
  region size 1024K, 5 young (5120K), 5 survivors (5120K)
 Metaspace       used 109563K, capacity 112276K, committed 112512K, reserved 1146880K
  class space    used 13883K, capacity 14864K, committed 14976K, reserved 1048576K
}
Event: 23.916 GC heap before
{Heap before GC invocations=30 (full 0):
 garbage-first heap   total 258048K, used 218165K [0x0000000080000000, 0x0000000100000000)
  region size 1024K, 46 young (47104K), 5 survivors (5120K)
 Metaspace       used 110795K, capacity 113555K, committed 113664K, reserved 1148928K
  class space    used 14023K, capacity 15028K, committed 15104K, reserved 1048576K
}
Event: 23.924 GC heap after
{Heap after GC invocations=31 (full 0):
 garbage-first heap   total 258048K, used 179033K [0x0000000080000000, 0x0000000100000000)
  region size 1024K, 4 young (4096K), 4 survivors (4096K)
 Metaspace       used 110795K, capacity 113555K, committed 113664K, reserved 1148928K
  class space    used 14023K, capacity 15028K, committed 15104K, reserved 1048576K
}
Event: 24.329 GC heap before
{Heap before GC invocations=32 (full 0):
 garbage-first heap   total 258048K, used 218969K [0x0000000080000000, 0x0000000100000000)
  region size 1024K, 43 young (44032K), 4 survivors (4096K)
 Metaspace       used 112434K, capacity 115471K, committed 115712K, reserved 1148928K
  class space    used 14240K, capacity 15276K, committed 15360K, reserved 1048576K
}
Event: 24.335 GC heap after
{Heap after GC invocations=33 (full 0):
 garbage-first heap   total 258048K, used 179631K [0x0000000080000000, 0x0000000100000000)
  region size 1024K, 4 young (4096K), 4 survivors (4096K)
 Metaspace       used 112434K, capacity 115471K, committed 115712K, reserved 1148928K
  class space    used 14240K, capacity 15276K, committed 15360K, reserved 1048576K
}
Event: 69.631 GC heap before
{Heap before GC invocations=33 (full 0):
 garbage-first heap   total 258048K, used 220591K [0x0000000080000000, 0x0000000100000000)
  region size 1024K, 45 young (46080K), 4 survivors (4096K)
 Metaspace       used 116308K, capacity 119436K, committed 119680K, reserved 1153024K
  class space    used 14556K, capacity 15664K, committed 15744K, reserved 1048576K
}
Event: 69.673 GC heap after
{Heap after GC invocations=34 (full 0):
 garbage-first heap   total 258048K, used 182547K [0x0000000080000000, 0x0000000100000000)
  region size 1024K, 4 young (4096K), 4 survivors (4096K)
 Metaspace       used 116308K, capacity 119436K, committed 119680K, reserved 1153024K
  class space    used 14556K, capacity 15664K, committed 15744K, reserved 1048576K
}
Event: 70.744 GC heap before
{Heap before GC invocations=35 (full 0):
 garbage-first heap   total 258048K, used 220435K [0x0000000080000000, 0x0000000100000000)
  region size 1024K, 42 young (43008K), 4 survivors (4096K)
 Metaspace       used 117515K, capacity 120718K, committed 120832K, reserved 1155072K
  class space    used 14683K, capacity 15813K, committed 15872K, reserved 1048576K
}
Event: 70.756 GC heap after
{Heap after GC invocations=36 (full 0):
 garbage-first heap   total 258048K, used 187996K [0x0000000080000000, 0x0000000100000000)
  region size 1024K, 6 young (6144K), 6 survivors (6144K)
 Metaspace       used 117515K, capacity 120718K, committed 120832K, reserved 1155072K
  class space    used 14683K, capacity 15813K, committed 15872K, reserved 1048576K
}
Event: 72.149 GC heap before
{Heap before GC invocations=36 (full 0):
 garbage-first heap   total 258048K, used 219740K [0x0000000080000000, 0x0000000100000000)
  region size 1024K, 38 young (38912K), 6 survivors (6144K)
 Metaspace       used 118680K, capacity 121996K, committed 122112K, reserved 1155072K
  class space    used 14854K, capacity 16025K, committed 16128K, reserved 1048576K
}
Event: 72.172 GC heap after
{Heap after GC invocations=37 (full 0):
 garbage-first heap   total 258048K, used 192687K [0x0000000080000000, 0x0000000100000000)
  region size 1024K, 5 young (5120K), 5 survivors (5120K)
 Metaspace       used 118680K, capacity 121996K, committed 122112K, reserved 1155072K
  class space    used 14854K, capacity 16025K, committed 16128K, reserved 1048576K
}

Deoptimization events (20 events):
Event: 71.860 Thread 0x000001ce1a90b800 DEOPT PACKING pc=0x000001ce0be6e70c sp=0x00000052649fdbc0
Event: 71.860 Thread 0x000001ce1a90b800 DEOPT UNPACKING pc=0x000001ce03a485af sp=0x00000052649fdba0 mode 2
Event: 71.931 Thread 0x000001ce21d13000 Uncommon trap: trap_request=0xffffffde fr.pc=0x000001ce0bf03be0 relative=0x0000000000003de0
Event: 71.931 Thread 0x000001ce21d13000 Uncommon trap: reason=class_check action=maybe_recompile pc=0x000001ce0bf03be0 method=org.gradle.internal.snapshot.impl.AbstractValueProcessor.processValue(Ljava/lang/Object;Lorg/gradle/internal/snapshot/impl/AbstractValueProcessor$ValueVisitor;)Ljava/lan
Event: 71.932 Thread 0x000001ce21d13000 DEOPT PACKING pc=0x000001ce0bf03be0 sp=0x00000052686fd710
Event: 71.936 Thread 0x000001ce21d13000 DEOPT UNPACKING pc=0x000001ce03a485af sp=0x00000052686fd708 mode 2
Event: 71.965 Thread 0x000001ce1d1b8000 Uncommon trap: trap_request=0xffffff4d fr.pc=0x000001ce0bf22b88 relative=0x00000000000000c8
Event: 71.965 Thread 0x000001ce1d1b8000 Uncommon trap: reason=unstable_if action=reinterpret pc=0x000001ce0bf22b88 method=com.google.common.collect.ImmutableMultimap$1.hasNext()Z @ 9 c2
Event: 71.965 Thread 0x000001ce1d1b8000 DEOPT PACKING pc=0x000001ce0bf22b88 sp=0x00000052685fc6c0
Event: 71.965 Thread 0x000001ce1d1b8000 DEOPT UNPACKING pc=0x000001ce03a485af sp=0x00000052685fc658 mode 2
Event: 72.126 Thread 0x000001ce1d1b8000 Uncommon trap: trap_request=0xffffff7e fr.pc=0x000001ce0bd11140 relative=0x0000000000000100
Event: 72.126 Thread 0x000001ce1d1b8000 Uncommon trap: reason=predicate action=maybe_recompile pc=0x000001ce0bd11140 method=com.google.common.collect.ImmutableList.hashCode()I @ 11 c2
Event: 72.126 Thread 0x000001ce1d1b8000 DEOPT PACKING pc=0x000001ce0bd11140 sp=0x00000052685fa340
Event: 72.126 Thread 0x000001ce1d1b8000 DEOPT UNPACKING pc=0x000001ce03a485af sp=0x00000052685fa2c8 mode 2
Event: 72.198 Thread 0x000001ce1d1b8000 DEOPT PACKING pc=0x000001ce057cc408 sp=0x00000052685fa670
Event: 72.198 Thread 0x000001ce1d1b8000 DEOPT UNPACKING pc=0x000001ce03a89d0e sp=0x00000052685f9ba8 mode 0
Event: 72.203 Thread 0x000001ce1d1b8000 DEOPT PACKING pc=0x000001ce057cc408 sp=0x00000052685faa70
Event: 72.203 Thread 0x000001ce1d1b8000 DEOPT UNPACKING pc=0x000001ce03a89d0e sp=0x00000052685f9fa8 mode 0
Event: 72.205 Thread 0x000001ce1d1b8000 DEOPT PACKING pc=0x000001ce04bc6451 sp=0x00000052685fb210
Event: 72.205 Thread 0x000001ce1d1b8000 DEOPT UNPACKING pc=0x000001ce03a89d0e sp=0x00000052685fa738 mode 0

Classes redefined (0 events):
No events

Internal exceptions (20 events):
Event: 69.987 Thread 0x000001ce1abbb800 Exception <a 'java/lang/NoClassDefFoundError'{0x000000008f6a3170}: org/jetbrains/kotlin/gradle/plugin/KotlinBasePluginWrapper> (0x000000008f6a3170) thrown at [./src/hotspot/share/oops/constantPool.cpp, line 775]
Event: 70.197 Thread 0x000001ce1abbb800 Implicit null exception at 0x000001ce0be90230 to 0x000001ce0be90308
Event: 70.424 Thread 0x000001ce1abbb800 Implicit null exception at 0x000001ce0bea1fb9 to 0x000001ce0bea20f1
Event: 70.438 Thread 0x000001ce1abbb800 Exception <a 'sun/nio/fs/WindowsException'{0x000000008eadbbe0}> (0x000000008eadbbe0) thrown at [./src/hotspot/share/prims/jni.cpp, line 616]
Event: 70.453 Thread 0x000001ce1abbb800 Exception <a 'sun/nio/fs/WindowsException'{0x000000008e978ff0}> (0x000000008e978ff0) thrown at [./src/hotspot/share/prims/jni.cpp, line 616]
Event: 70.453 Thread 0x000001ce1abbb800 Exception <a 'sun/nio/fs/WindowsException'{0x000000008e97a368}> (0x000000008e97a368) thrown at [./src/hotspot/share/prims/jni.cpp, line 616]
Event: 70.454 Thread 0x000001ce1abbb800 Exception <a 'sun/nio/fs/WindowsException'{0x000000008e97b730}> (0x000000008e97b730) thrown at [./src/hotspot/share/prims/jni.cpp, line 616]
Event: 70.455 Thread 0x000001ce1abbb800 Exception <a 'sun/nio/fs/WindowsException'{0x000000008e97caf8}> (0x000000008e97caf8) thrown at [./src/hotspot/share/prims/jni.cpp, line 616]
Event: 70.475 Thread 0x000001ce1abbb800 Implicit null exception at 0x000001ce0bea7cb9 to 0x000001ce0bea7df1
Event: 70.691 Thread 0x000001ce1abbb800 Implicit null exception at 0x000001ce0bec28c3 to 0x000001ce0bec3200
Event: 70.691 Thread 0x000001ce1abbb800 Implicit null exception at 0x000001ce0bec01ee to 0x000001ce0bec0950
Event: 70.816 Thread 0x000001ce1abbb800 Exception <a 'java/lang/NoSuchMethodError'{0x000000008fad6028}: <clinit>> (0x000000008fad6028) thrown at [./src/hotspot/share/prims/jni.cpp, line 1366]
Event: 70.829 Thread 0x000001ce1abbb800 Exception <a 'sun/nio/fs/WindowsException'{0x000000008f992ca0}> (0x000000008f992ca0) thrown at [./src/hotspot/share/prims/jni.cpp, line 616]
Event: 70.886 Thread 0x000001ce1d1b8000 Implicit null exception at 0x000001ce0b9346f7 to 0x000001ce0b93488c
Event: 70.953 Thread 0x000001ce1d1b9800 Exception <a 'java/lang/NoSuchMethodError'{0x000000008f4309d0}: <clinit>> (0x000000008f4309d0) thrown at [./src/hotspot/share/prims/jni.cpp, line 1366]
Event: 70.956 Thread 0x000001ce1d1b9800 Exception <a 'java/lang/NoSuchMethodError'{0x000000008f44e978}: <clinit>> (0x000000008f44e978) thrown at [./src/hotspot/share/prims/jni.cpp, line 1366]
Event: 70.959 Thread 0x000001ce1d1b9800 Exception <a 'java/lang/NoSuchMethodError'{0x000000008f493318}: <clinit>> (0x000000008f493318) thrown at [./src/hotspot/share/prims/jni.cpp, line 1366]
Event: 70.971 Thread 0x000001ce1b723000 Exception <a 'java/lang/NoSuchMethodError'{0x000000008f37a288}: <clinit>> (0x000000008f37a288) thrown at [./src/hotspot/share/prims/jni.cpp, line 1366]
Event: 71.003 Thread 0x000001ce1d1b8000 Exception <a 'java/lang/NoSuchMethodError'{0x000000008f2205d8}: 'int java.lang.invoke.DirectMethodHandle$Holder.invokeSpecial(java.lang.Object, java.lang.Object, java.lang.Object, java.lang.Object, java.lang.Object)'> (0x000000008f2205d8) thrown at [./src/hotspot/share/interpreter/linkResolver.cpp, line 773]
Event: 71.230 Thread 0x000001ce1d1b8000 Exception <a 'java/lang/NoSuchMethodError'{0x000000008f1ad100}: 'void java.lang.invoke.DirectMethodHandle$Holder.invokeInterface(java.lang.Object, java.lang.Object, java.lang.Object, java.lang.Object)'> (0x000000008f1ad100) thrown at [./src/hotspot/share/interpreter/linkResolver.cpp, line 773]

Events (20 events):
Event: 72.145 Executing VM operation: BulkRevokeBias
Event: 72.147 Executing VM operation: BulkRevokeBias done
Event: 72.149 Executing VM operation: G1CollectForAllocation
Event: 72.172 Executing VM operation: G1CollectForAllocation done
Event: 72.207 Executing VM operation: RevokeBias
Event: 72.208 Executing VM operation: RevokeBias done
Event: 72.317 Executing VM operation: CGC_Operation
Event: 72.341 Executing VM operation: CGC_Operation done
Event: 72.355 Executing VM operation: RevokeBias
Event: 72.357 Executing VM operation: RevokeBias done
Event: 72.420 Executing VM operation: CGC_Operation
Event: 72.420 Executing VM operation: CGC_Operation done
Event: 72.435 Executing VM operation: RevokeBias
Event: 72.435 Executing VM operation: RevokeBias done
Event: 72.437 Executing VM operation: RevokeBias
Event: 72.437 Executing VM operation: RevokeBias done
Event: 72.437 Executing VM operation: RevokeBias
Event: 72.438 Executing VM operation: RevokeBias done
Event: 72.456 Executing VM operation: RevokeBias
Event: 72.456 Executing VM operation: RevokeBias done


Dynamic libraries:
0x00007ff6bddd0000 - 0x00007ff6bddda000 	C:\Program Files\Android\Android Studio3\jre\bin\java.exe
0x00007ffd6f810000 - 0x00007ffd6fa27000 	C:\WINDOWS\SYSTEM32\ntdll.dll
0x00007ffd6eb80000 - 0x00007ffd6ec44000 	C:\WINDOWS\System32\KERNEL32.DLL
0x00007ffd6d010000 - 0x00007ffd6d3b5000 	C:\WINDOWS\System32\KERNELBASE.dll
0x00007ffd6d440000 - 0x00007ffd6d551000 	C:\WINDOWS\System32\ucrtbase.dll
0x00007ffd53100000 - 0x00007ffd53117000 	C:\Program Files\Android\Android Studio3\jre\bin\VCRUNTIME140.dll
0x00007ffd52f60000 - 0x00007ffd52f79000 	C:\Program Files\Android\Android Studio3\jre\bin\jli.dll
0x00007ffd6e3e0000 - 0x00007ffd6e58e000 	C:\WINDOWS\System32\USER32.dll
0x00007ffd6cb80000 - 0x00007ffd6cba6000 	C:\WINDOWS\System32\win32u.dll
0x00007ffd3a9f0000 - 0x00007ffd3ac83000 	C:\WINDOWS\WinSxS\amd64_microsoft.windows.common-controls_6595b64144ccf1df_6.0.22621.2506_none_270c5ae97388e100\COMCTL32.dll
0x00007ffd6e590000 - 0x00007ffd6e5b9000 	C:\WINDOWS\System32\GDI32.dll
0x00007ffd6e630000 - 0x00007ffd6e6d7000 	C:\WINDOWS\System32\msvcrt.dll
0x00007ffd6ce50000 - 0x00007ffd6cf69000 	C:\WINDOWS\System32\gdi32full.dll
0x00007ffd6cf70000 - 0x00007ffd6d00a000 	C:\WINDOWS\System32\msvcp_win.dll
0x00007ffd6d900000 - 0x00007ffd6d931000 	C:\WINDOWS\System32\IMM32.DLL
0x00007ffd52d40000 - 0x00007ffd52ddd000 	C:\Program Files\Android\Android Studio3\jre\bin\msvcp140.dll
0x00007ffceb040000 - 0x00007ffcebb42000 	C:\Program Files\Android\Android Studio3\jre\bin\server\jvm.dll
0x00007ffd6f530000 - 0x00007ffd6f5e1000 	C:\WINDOWS\System32\ADVAPI32.dll
0x00007ffd6e770000 - 0x00007ffd6e816000 	C:\WINDOWS\System32\sechost.dll
0x00007ffd6ea60000 - 0x00007ffd6eb77000 	C:\WINDOWS\System32\RPCRT4.dll
0x00007ffd6f2e0000 - 0x00007ffd6f2e8000 	C:\WINDOWS\System32\PSAPI.DLL
0x00007ffd64d80000 - 0x00007ffd64db4000 	C:\WINDOWS\SYSTEM32\WINMM.dll
0x00007ffd51310000 - 0x00007ffd51319000 	C:\WINDOWS\SYSTEM32\WSOCK32.dll
0x00007ffd63ae0000 - 0x00007ffd63aea000 	C:\WINDOWS\SYSTEM32\VERSION.dll
0x00007ffd6e9e0000 - 0x00007ffd6ea51000 	C:\WINDOWS\System32\WS2_32.dll
0x00007ffd6bb80000 - 0x00007ffd6bb98000 	C:\WINDOWS\SYSTEM32\kernel.appcore.dll
0x00007ffd53dc0000 - 0x00007ffd53dd1000 	C:\Program Files\Android\Android Studio3\jre\bin\verify.dll
0x00007ffd6a540000 - 0x00007ffd6a773000 	C:\WINDOWS\SYSTEM32\DBGHELP.DLL
0x00007ffd6d560000 - 0x00007ffd6d8e9000 	C:\WINDOWS\System32\combase.dll
0x00007ffd6f6f0000 - 0x00007ffd6f7c7000 	C:\WINDOWS\System32\OLEAUT32.dll
0x00007ffd36740000 - 0x00007ffd36772000 	C:\WINDOWS\SYSTEM32\dbgcore.DLL
0x00007ffd6d3c0000 - 0x00007ffd6d43a000 	C:\WINDOWS\System32\bcryptPrimitives.dll
0x00007ffd53d30000 - 0x00007ffd53d59000 	C:\Program Files\Android\Android Studio3\jre\bin\java.dll
0x00007ffd679f0000 - 0x00007ffd679fb000 	C:\Program Files\Android\Android Studio3\jre\bin\jimage.dll
0x00007ffd53da0000 - 0x00007ffd53db8000 	C:\Program Files\Android\Android Studio3\jre\bin\zip.dll
0x00007ffd6db20000 - 0x00007ffd6e379000 	C:\WINDOWS\System32\SHELL32.dll
0x00007ffd6aa60000 - 0x00007ffd6b354000 	C:\WINDOWS\SYSTEM32\windows.storage.dll
0x00007ffd6a920000 - 0x00007ffd6aa5e000 	C:\WINDOWS\SYSTEM32\wintypes.dll
0x00007ffd6f5f0000 - 0x00007ffd6f6e3000 	C:\WINDOWS\System32\SHCORE.dll
0x00007ffd6e380000 - 0x00007ffd6e3de000 	C:\WINDOWS\System32\shlwapi.dll
0x00007ffd6cab0000 - 0x00007ffd6cad6000 	C:\WINDOWS\SYSTEM32\profapi.dll
0x00007ffd53d10000 - 0x00007ffd53d2a000 	C:\Program Files\Android\Android Studio3\jre\bin\net.dll
0x00007ffd673b0000 - 0x00007ffd674e7000 	C:\WINDOWS\SYSTEM32\WINHTTP.dll
0x00007ffd6c000000 - 0x00007ffd6c069000 	C:\WINDOWS\system32\mswsock.dll
0x00007ffd537f0000 - 0x00007ffd53804000 	C:\Program Files\Android\Android Studio3\jre\bin\nio.dll
0x00007ffd53710000 - 0x00007ffd53737000 	C:\Users\Dell\.gradle\native\e1d6ef7f7dcc3fd88c89a11ec53ec762bb8ba0a96d01ffa2cd45eb1d1d8dd5c5\windows-amd64\native-platform.dll
0x00007ffd51c70000 - 0x00007ffd51db4000 	C:\Users\Dell\.gradle\native\0d407fdbe67a94daf76414ababcb853783967236a71b16ec16e742cd7a986fd3\windows-amd64\native-platform-file-events.dll
0x00007ffd53c30000 - 0x00007ffd53c3a000 	C:\Program Files\Android\Android Studio3\jre\bin\management.dll
0x00007ffd537e0000 - 0x00007ffd537ed000 	C:\Program Files\Android\Android Studio3\jre\bin\management_ext.dll
0x00007ffd6c250000 - 0x00007ffd6c26b000 	C:\WINDOWS\SYSTEM32\CRYPTSP.dll
0x00007ffd6bae0000 - 0x00007ffd6bb15000 	C:\WINDOWS\system32\rsaenh.dll
0x00007ffd6c0f0000 - 0x00007ffd6c11c000 	C:\WINDOWS\SYSTEM32\USERENV.dll
0x00007ffd6c440000 - 0x00007ffd6c468000 	C:\WINDOWS\SYSTEM32\bcrypt.dll
0x00007ffd6c270000 - 0x00007ffd6c27c000 	C:\WINDOWS\SYSTEM32\CRYPTBASE.dll
0x00007ffd6b5b0000 - 0x00007ffd6b5dd000 	C:\WINDOWS\SYSTEM32\IPHLPAPI.DLL
0x00007ffd6ec50000 - 0x00007ffd6ec59000 	C:\WINDOWS\System32\NSI.dll
0x00007ffd654d0000 - 0x00007ffd654e9000 	C:\WINDOWS\SYSTEM32\dhcpcsvc6.DLL
0x00007ffd64fc0000 - 0x00007ffd64fdf000 	C:\WINDOWS\SYSTEM32\dhcpcsvc.DLL
0x00007ffd6b5e0000 - 0x00007ffd6b6d9000 	C:\WINDOWS\SYSTEM32\DNSAPI.dll
0x00007ffd53750000 - 0x00007ffd53777000 	C:\Program Files\Android\Android Studio3\jre\bin\sunec.dll
0x00007ffd64fb0000 - 0x00007ffd64fba000 	C:\Windows\System32\rasadhlp.dll
0x00007ffd61c70000 - 0x00007ffd61cf3000 	C:\WINDOWS\System32\fwpuclnt.dll

dbghelp: loaded successfully - version: 4.0.5 - missing functions: none
symbol engine: initialized successfully - sym options: 0x614 - pdb path: .;C:\Program Files\Android\Android Studio3\jre\bin;C:\WINDOWS\SYSTEM32;C:\WINDOWS\WinSxS\amd64_microsoft.windows.common-controls_6595b64144ccf1df_6.0.22621.2506_none_270c5ae97388e100;C:\Program Files\Android\Android Studio3\jre\bin\server;C:\Users\Dell\.gradle\native\e1d6ef7f7dcc3fd88c89a11ec53ec762bb8ba0a96d01ffa2cd45eb1d1d8dd5c5\windows-amd64;C:\Users\Dell\.gradle\native\0d407fdbe67a94daf76414ababcb853783967236a71b16ec16e742cd7a986fd3\windows-amd64

VM Arguments:
jvm_args: --add-opens=java.base/java.util=ALL-UNNAMED --add-opens=java.base/java.lang=ALL-UNNAMED --add-opens=java.base/java.lang.invoke=ALL-UNNAMED --add-opens=java.base/java.util=ALL-UNNAMED --add-opens=java.prefs/java.util.prefs=ALL-UNNAMED --add-opens=java.prefs/java.util.prefs=ALL-UNNAMED --add-opens=java.base/java.nio.charset=ALL-UNNAMED --add-opens=java.base/java.net=ALL-UNNAMED --add-opens=java.base/java.util.concurrent.atomic=ALL-UNNAMED -Xmx2048m -Dfile.encoding=UTF-8 -Duser.country=IN -Duser.language=en -Duser.variant 
java_command: org.gradle.launcher.daemon.bootstrap.GradleDaemon 7.4
java_class_path (initial): C:\Users\Dell\.gradle\wrapper\dists\gradle-7.4-bin\c0gwcg53nkjbqw7r0h0umtfvt\gradle-7.4\lib\gradle-launcher-7.4.jar
Launcher Type: SUN_STANDARD

[Global flags]
     intx CICompilerCount                          = 4                                         {product} {ergonomic}
     uint ConcGCThreads                            = 2                                         {product} {ergonomic}
     uint G1ConcRefinementThreads                  = 8                                         {product} {ergonomic}
   size_t G1HeapRegionSize                         = 1048576                                   {product} {ergonomic}
    uintx GCDrainStackTargetSize                   = 64                                        {product} {ergonomic}
   size_t InitialHeapSize                          = 264241152                                 {product} {ergonomic}
   size_t MarkStackSize                            = 4194304                                   {product} {ergonomic}
   size_t MaxHeapSize                              = 2147483648                                {product} {command line}
   size_t MaxNewSize                               = 1287651328                                {product} {ergonomic}
   size_t MinHeapDeltaBytes                        = 1048576                                   {product} {ergonomic}
    uintx NonNMethodCodeHeapSize                   = 5836300                                {pd product} {ergonomic}
    uintx NonProfiledCodeHeapSize                  = 122910970                              {pd product} {ergonomic}
    uintx ProfiledCodeHeapSize                     = 122910970                              {pd product} {ergonomic}
    uintx ReservedCodeCacheSize                    = 251658240                              {pd product} {ergonomic}
     bool SegmentedCodeCache                       = true                                      {product} {ergonomic}
     bool UseCompressedClassPointers               = true                                 {lp64_product} {ergonomic}
     bool UseCompressedOops                        = true                                 {lp64_product} {ergonomic}
     bool UseG1GC                                  = true                                      {product} {ergonomic}
     bool UseLargePagesIndividualAllocation        = false                                  {pd product} {ergonomic}

Logging:
Log output configuration:
 #0: stdout all=warning uptime,level,tags
 #1: stderr all=off uptime,level,tags

Environment Variables:
PATH=C:\Program Files\Common Files\Oracle\Java\javapath;C:\WINDOWS\system32;C:\WINDOWS;C:\WINDOWS\System32\Wbem;C:\WINDOWS\System32\WindowsPowerShell\v1.0\;C:\WINDOWS\System32\OpenSSH\;C:\Program Files\Git\cmd;C:\Users\Dell\AppData\Local\Microsoft\WindowsApps;C:\Program Files\Java\jdk-16\bin;C:\src\flutter\bin;C:\platform-tools\platform-tools_r33.0.3-windows\platform-tools;;C:\Users\Dell\AppData\Local\Programs\Microsoft VS Code\bin
USERNAME=Dell
OS=Windows_NT
PROCESSOR_IDENTIFIER=Intel64 Family 6 Model 140 Stepping 1, GenuineIntel



---------------  S Y S T E M  ---------------

OS: Windows 11 , 64 bit Build 22621 (10.0.22621.2506)
OS uptime: 1 days 20:29 hours

CPU:total 8 (initial active 8) (4 cores per cpu, 2 threads per core) family 6 model 140 stepping 1 microcode 0xac, cmov, cx8, fxsr, mmx, sse, sse2, sse3, ssse3, sse4.1, sse4.2, popcnt, avx, avx2, aes, clmul, erms, 3dnowpref, lzcnt, ht, tsc, tscinvbit, bmi1, bmi2, adx, evex, sha, fma

Memory: 4k page, system-wide physical 16126M (1944M free)
TotalPageFile size 18174M (AvailPageFile size 5M)
current process WorkingSet (physical memory assigned to process): 600M, peak: 673M
current process commit charge ("private bytes"): 641M, peak: 716M

vm_info: OpenJDK 64-Bit Server VM (11.0.13+0-b1751.21-8125866) for windows-amd64 JRE (11.0.13+0-b1751.21-8125866), built on Feb  2 2022 03:00:22 by "builder" with MS VC++ 14.0 (VS2015)

END.
